20:05:45.57 [pool-1-thread-2] INFO  o.a.AndroidAnnotationProcessor:85 - Initialize AndroidAnnotations 3.0.1 with options {}
20:05:45.119 [pool-1-thread-2] INFO  o.a.AndroidAnnotationProcessor:109 - Start processing for 1 annotations on 3 elements
20:05:45.126 [pool-1-thread-2] DEBUG o.a.h.AndroidManifestFinder:137 - AndroidManifest.xml file found in parent folder E:\workspace\RESTSIQS\CLIENT\RESTSIQS: E:\workspace\RESTSIQS\CLIENT\RESTSIQS\AndroidManifest.xml
20:05:45.241 [pool-1-thread-2] INFO  o.a.AndroidAnnotationProcessor:172 - AndroidManifest.xml found: AndroidManifest [applicationPackage=com.restsiqs.RESTSIQS, componentQualifiedNames=[com.restsiqs.RESTSIQS.MainActivity], permissionQualifiedNames=[], applicationClassName=null, libraryProject=false, debugabble=false, minSdkVersion=18, maxSdkVersion=-1, targetSdkVersion=-1]
20:05:45.243 [pool-1-thread-2] INFO  o.a.r.ProjectRClassFinder:50 - Found project R class: com.restsiqs.RESTSIQS.R
20:05:45.266 [pool-1-thread-2] INFO  o.a.r.AndroidRClassFinder:44 - Found Android class: android.R
20:05:45.336 [pool-1-thread-2] INFO  o.a.p.ModelValidator:42 - Validating elements
20:05:45.336 [pool-1-thread-2] DEBUG o.a.p.ModelValidator:62 - Validating with EActivityHandler: [com.restsiqs.RESTSIQS.MainActivity]
20:05:45.344 [pool-1-thread-2] ERROR o.a.h.AnnotationHelper:110 - The AndroidManifest.xml file contains the original component, and not the AndroidAnnotations generated component. Please register MainActivity_ instead of MainActivity
20:05:45.345 [pool-1-thread-2] WARN  o.a.p.ModelValidator:69 - Element EActivityHandler unvalidated by 
20:05:45.360 [pool-1-thread-2] INFO  o.a.p.ModelProcessor:73 - Processing root elements
20:05:45.360 [pool-1-thread-2] INFO  o.a.p.ModelProcessor:104 - Processing enclosed elements
20:05:45.362 [pool-1-thread-2] INFO  o.a.AndroidAnnotationProcessor:251 - Number of files generated by AndroidAnnotations: 0
20:05:45.367 [pool-1-thread-2] INFO  o.a.g.ApiCodeGenerator:52 - Writting following API classes in project: []
20:05:45.370 [pool-1-thread-2] INFO  o.a.p.TimeStats:81 - Time measurements: [Whole Processing = 251 ms], [Extract Manifest = 117 ms], [Find R Classes = 71 ms], [Process Annotations = 17 ms], [Validate Annotations = 10 ms], [Generate Sources = 8 ms], [Extract Annotations = 4 ms], 
20:05:45.370 [pool-1-thread-2] INFO  o.a.AndroidAnnotationProcessor:123 - Finish processing
20:05:56.205 [pool-1-thread-2] INFO  o.a.AndroidAnnotationProcessor:85 - Initialize AndroidAnnotations 3.0.1 with options {}
20:05:56.320 [pool-1-thread-2] INFO  o.a.AndroidAnnotationProcessor:109 - Start processing for 1 annotations on 3 elements
20:05:56.327 [pool-1-thread-2] DEBUG o.a.h.AndroidManifestFinder:137 - AndroidManifest.xml file found in parent folder E:\workspace\RESTSIQS\CLIENT\RESTSIQS: E:\workspace\RESTSIQS\CLIENT\RESTSIQS\AndroidManifest.xml
20:05:56.347 [pool-1-thread-2] INFO  o.a.AndroidAnnotationProcessor:172 - AndroidManifest.xml found: AndroidManifest [applicationPackage=com.restsiqs.RESTSIQS, componentQualifiedNames=[com.restsiqs.RESTSIQS.MainActivity], permissionQualifiedNames=[], applicationClassName=null, libraryProject=false, debugabble=false, minSdkVersion=18, maxSdkVersion=-1, targetSdkVersion=-1]
20:05:56.347 [pool-1-thread-2] INFO  o.a.r.ProjectRClassFinder:50 - Found project R class: com.restsiqs.RESTSIQS.R
20:05:56.354 [pool-1-thread-2] INFO  o.a.r.AndroidRClassFinder:44 - Found Android class: android.R
20:05:56.392 [pool-1-thread-2] INFO  o.a.p.ModelValidator:42 - Validating elements
20:05:56.393 [pool-1-thread-2] DEBUG o.a.p.ModelValidator:62 - Validating with EActivityHandler: [com.restsiqs.RESTSIQS.MainActivity]
20:05:56.402 [pool-1-thread-2] ERROR o.a.h.AnnotationHelper:110 - The AndroidManifest.xml file contains the original component, and not the AndroidAnnotations generated component. Please register MainActivity_ instead of MainActivity
20:05:56.402 [pool-1-thread-2] WARN  o.a.p.ModelValidator:69 - Element EActivityHandler unvalidated by 
20:05:56.421 [pool-1-thread-2] INFO  o.a.p.ModelProcessor:73 - Processing root elements
20:05:56.422 [pool-1-thread-2] INFO  o.a.p.ModelProcessor:104 - Processing enclosed elements
20:05:56.424 [pool-1-thread-2] INFO  o.a.AndroidAnnotationProcessor:251 - Number of files generated by AndroidAnnotations: 0
20:05:56.428 [pool-1-thread-2] INFO  o.a.g.ApiCodeGenerator:52 - Writting following API classes in project: []
20:05:56.430 [pool-1-thread-2] INFO  o.a.p.TimeStats:81 - Time measurements: [Whole Processing = 110 ms], [Find R Classes = 34 ms], [Extract Manifest = 22 ms], [Process Annotations = 20 ms], [Validate Annotations = 12 ms], [Generate Sources = 6 ms], [Extract Annotations = 5 ms], 
20:05:56.431 [pool-1-thread-2] INFO  o.a.AndroidAnnotationProcessor:123 - Finish processing
20:06:27.53 [pool-1-thread-2] INFO  o.a.AndroidAnnotationProcessor:85 - Initialize AndroidAnnotations 3.0.1 with options {}
20:06:27.146 [pool-1-thread-2] INFO  o.a.AndroidAnnotationProcessor:109 - Start processing for 1 annotations on 3 elements
20:06:27.165 [pool-1-thread-2] DEBUG o.a.h.AndroidManifestFinder:137 - AndroidManifest.xml file found in parent folder E:\workspace\RESTSIQS\CLIENT\RESTSIQS: E:\workspace\RESTSIQS\CLIENT\RESTSIQS\AndroidManifest.xml
20:06:27.183 [pool-1-thread-2] INFO  o.a.AndroidAnnotationProcessor:172 - AndroidManifest.xml found: AndroidManifest [applicationPackage=com.restsiqs.RESTSIQS, componentQualifiedNames=[com.restsiqs.RESTSIQS.MainActivity_], permissionQualifiedNames=[], applicationClassName=null, libraryProject=false, debugabble=false, minSdkVersion=18, maxSdkVersion=-1, targetSdkVersion=-1]
20:06:27.184 [pool-1-thread-2] INFO  o.a.r.ProjectRClassFinder:50 - Found project R class: com.restsiqs.RESTSIQS.R
20:06:27.190 [pool-1-thread-2] INFO  o.a.r.AndroidRClassFinder:44 - Found Android class: android.R
20:06:27.233 [pool-1-thread-2] INFO  o.a.p.ModelValidator:42 - Validating elements
20:06:27.233 [pool-1-thread-2] DEBUG o.a.p.ModelValidator:62 - Validating with EActivityHandler: [com.restsiqs.RESTSIQS.MainActivity]
20:06:27.254 [pool-1-thread-2] INFO  o.a.p.ModelProcessor:73 - Processing root elements
20:06:27.254 [pool-1-thread-2] DEBUG o.a.p.ModelProcessor:80 - Processing root elements EActivityHandler: [com.restsiqs.RESTSIQS.MainActivity]
20:06:27.324 [pool-1-thread-2] INFO  o.a.p.ModelProcessor:104 - Processing enclosed elements
20:06:27.325 [pool-1-thread-2] INFO  o.a.AndroidAnnotationProcessor:251 - Number of files generated by AndroidAnnotations: 1
20:06:27.327 [pool-1-thread-2] INFO  o.a.g.ApiCodeGenerator:52 - Writting following API classes in project: []
20:06:27.328 [pool-1-thread-2] DEBUG o.a.g.SourceCodewriter:55 - Generating class: com.restsiqs.RESTSIQS.MainActivity_
20:06:27.347 [pool-1-thread-2] INFO  o.a.p.TimeStats:81 - Time measurements: [Whole Processing = 201 ms], [Process Annotations = 84 ms], [Find R Classes = 29 ms], [Generate Sources = 22 ms], [Extract Manifest = 20 ms], [Extract Annotations = 16 ms], [Validate Annotations = 9 ms], 
20:06:27.347 [pool-1-thread-2] INFO  o.a.AndroidAnnotationProcessor:123 - Finish processing
16:19:29.582 [pool-1-thread-2] INFO  o.a.AndroidAnnotationProcessor:85 - Initialize AndroidAnnotations 3.0.1 with options {}
16:19:30.327 [pool-1-thread-2] INFO  o.a.AndroidAnnotationProcessor:109 - Start processing for 1 annotations on 3 elements
16:19:30.438 [pool-1-thread-2] DEBUG o.a.h.AndroidManifestFinder:137 - AndroidManifest.xml file found in parent folder E:\workspace\RESTSIQS\CLIENT\RESTSIQS: E:\workspace\RESTSIQS\CLIENT\RESTSIQS\AndroidManifest.xml
16:19:31.157 [pool-1-thread-2] INFO  o.a.AndroidAnnotationProcessor:172 - AndroidManifest.xml found: AndroidManifest [applicationPackage=com.restsiqs.RESTSIQS, componentQualifiedNames=[com.restsiqs.RESTSIQS.MainActivity_], permissionQualifiedNames=[], applicationClassName=null, libraryProject=false, debugabble=false, minSdkVersion=18, maxSdkVersion=-1, targetSdkVersion=-1]
16:19:31.158 [pool-1-thread-2] INFO  o.a.r.ProjectRClassFinder:50 - Found project R class: com.restsiqs.RESTSIQS.R
16:19:31.259 [pool-1-thread-2] INFO  o.a.r.AndroidRClassFinder:44 - Found Android class: android.R
16:19:31.697 [pool-1-thread-2] INFO  o.a.p.ModelValidator:42 - Validating elements
16:19:31.697 [pool-1-thread-2] DEBUG o.a.p.ModelValidator:62 - Validating with EActivityHandler: [com.restsiqs.RESTSIQS.MainActivity]
16:19:31.898 [pool-1-thread-2] INFO  o.a.p.ModelProcessor:73 - Processing root elements
16:19:31.898 [pool-1-thread-2] DEBUG o.a.p.ModelProcessor:80 - Processing root elements EActivityHandler: [com.restsiqs.RESTSIQS.MainActivity]
16:19:32.135 [pool-1-thread-2] INFO  o.a.p.ModelProcessor:104 - Processing enclosed elements
16:19:32.137 [pool-1-thread-2] INFO  o.a.AndroidAnnotationProcessor:251 - Number of files generated by AndroidAnnotations: 1
16:19:32.138 [pool-1-thread-2] INFO  o.a.g.ApiCodeGenerator:52 - Writting following API classes in project: []
16:19:32.184 [pool-1-thread-2] DEBUG o.a.g.SourceCodewriter:55 - Generating class: com.restsiqs.RESTSIQS.MainActivity_
16:19:32.210 [pool-1-thread-2] INFO  o.a.p.TimeStats:81 - Time measurements: [Whole Processing = 1882 ms], [Extract Manifest = 770 ms], [Process Annotations = 432 ms], [Find R Classes = 241 ms], [Generate Sources = 73 ms], [Extract Annotations = 57 ms], [Validate Annotations = 8 ms], 
16:19:32.210 [pool-1-thread-2] INFO  o.a.AndroidAnnotationProcessor:123 - Finish processing
16:33:41.907 [pool-1-thread-2] INFO  o.a.AndroidAnnotationProcessor:85 - Initialize AndroidAnnotations 3.0.1 with options {}
16:33:41.971 [pool-1-thread-2] INFO  o.a.AndroidAnnotationProcessor:109 - Start processing for 1 annotations on 1 elements
16:33:41.977 [pool-1-thread-2] DEBUG o.a.h.AndroidManifestFinder:137 - AndroidManifest.xml file found in parent folder E:\workspace\RESTSIQS\CLIENT\RESTSIQS: E:\workspace\RESTSIQS\CLIENT\RESTSIQS\AndroidManifest.xml
16:33:41.993 [pool-1-thread-2] INFO  o.a.AndroidAnnotationProcessor:172 - AndroidManifest.xml found: AndroidManifest [applicationPackage=com.restsiqs.RESTSIQS, componentQualifiedNames=[com.restsiqs.RESTSIQS.MainActivity_], permissionQualifiedNames=[], applicationClassName=null, libraryProject=false, debugabble=false, minSdkVersion=18, maxSdkVersion=-1, targetSdkVersion=-1]
16:33:41.994 [pool-1-thread-2] INFO  o.a.r.ProjectRClassFinder:50 - Found project R class: com.restsiqs.RESTSIQS.R
16:33:41.998 [pool-1-thread-2] INFO  o.a.r.AndroidRClassFinder:44 - Found Android class: android.R
16:33:42.26 [pool-1-thread-2] INFO  o.a.p.ModelValidator:42 - Validating elements
16:33:42.27 [pool-1-thread-2] DEBUG o.a.p.ModelValidator:62 - Validating with EActivityHandler: [com.restsiqs.RESTSIQS.MainActivity]
16:33:42.47 [pool-1-thread-2] INFO  o.a.p.ModelProcessor:73 - Processing root elements
16:33:42.48 [pool-1-thread-2] DEBUG o.a.p.ModelProcessor:80 - Processing root elements EActivityHandler: [com.restsiqs.RESTSIQS.MainActivity]
16:33:42.87 [pool-1-thread-2] INFO  o.a.p.ModelProcessor:104 - Processing enclosed elements
16:33:42.88 [pool-1-thread-2] INFO  o.a.AndroidAnnotationProcessor:251 - Number of files generated by AndroidAnnotations: 1
16:33:42.90 [pool-1-thread-2] INFO  o.a.g.ApiCodeGenerator:52 - Writting following API classes in project: []
16:33:42.92 [pool-1-thread-2] DEBUG o.a.g.SourceCodewriter:55 - Generating class: com.restsiqs.RESTSIQS.MainActivity_
16:33:42.112 [pool-1-thread-2] INFO  o.a.p.TimeStats:81 - Time measurements: [Whole Processing = 141 ms], [Process Annotations = 52 ms], [Find R Classes = 24 ms], [Generate Sources = 24 ms], [Extract Manifest = 18 ms], [Validate Annotations = 10 ms], [Extract Annotations = 4 ms], 
16:33:42.112 [pool-1-thread-2] INFO  o.a.AndroidAnnotationProcessor:123 - Finish processing
16:49:29.631 [pool-1-thread-2] INFO  o.a.AndroidAnnotationProcessor:85 - Initialize AndroidAnnotations 3.0.1 with options {}
16:49:29.699 [pool-1-thread-2] INFO  o.a.AndroidAnnotationProcessor:109 - Start processing for 1 annotations on 3 elements
16:49:29.705 [pool-1-thread-2] DEBUG o.a.h.AndroidManifestFinder:137 - AndroidManifest.xml file found in parent folder E:\workspace\RESTSIQS\CLIENT\RESTSIQS: E:\workspace\RESTSIQS\CLIENT\RESTSIQS\AndroidManifest.xml
16:49:29.721 [pool-1-thread-2] INFO  o.a.AndroidAnnotationProcessor:172 - AndroidManifest.xml found: AndroidManifest [applicationPackage=com.restsiqs.RESTSIQS, componentQualifiedNames=[com.restsiqs.RESTSIQS.MainActivity_, com.restsiqs.RESTSIQS.SecondActivity_], permissionQualifiedNames=[], applicationClassName=null, libraryProject=false, debugabble=false, minSdkVersion=18, maxSdkVersion=-1, targetSdkVersion=-1]
16:49:29.723 [pool-1-thread-2] INFO  o.a.r.ProjectRClassFinder:50 - Found project R class: com.restsiqs.RESTSIQS.R
16:49:29.729 [pool-1-thread-2] INFO  o.a.r.AndroidRClassFinder:44 - Found Android class: android.R
16:49:29.767 [pool-1-thread-2] INFO  o.a.p.ModelValidator:42 - Validating elements
16:49:29.767 [pool-1-thread-2] DEBUG o.a.p.ModelValidator:62 - Validating with EActivityHandler: [com.restsiqs.RESTSIQS.MainActivity]
16:49:29.788 [pool-1-thread-2] INFO  o.a.p.ModelProcessor:73 - Processing root elements
16:49:29.788 [pool-1-thread-2] DEBUG o.a.p.ModelProcessor:80 - Processing root elements EActivityHandler: [com.restsiqs.RESTSIQS.MainActivity]
16:49:29.824 [pool-1-thread-2] INFO  o.a.p.ModelProcessor:104 - Processing enclosed elements
16:49:29.827 [pool-1-thread-2] INFO  o.a.AndroidAnnotationProcessor:251 - Number of files generated by AndroidAnnotations: 1
16:49:29.830 [pool-1-thread-2] INFO  o.a.g.ApiCodeGenerator:52 - Writting following API classes in project: []
16:49:29.832 [pool-1-thread-2] DEBUG o.a.g.SourceCodewriter:55 - Generating class: com.restsiqs.RESTSIQS.MainActivity_
16:49:29.864 [pool-1-thread-2] INFO  o.a.p.TimeStats:81 - Time measurements: [Whole Processing = 166 ms], [Process Annotations = 49 ms], [Generate Sources = 36 ms], [Find R Classes = 31 ms], [Extract Manifest = 17 ms], [Validate Annotations = 12 ms], [Extract Annotations = 4 ms], 
16:49:29.864 [pool-1-thread-2] INFO  o.a.AndroidAnnotationProcessor:123 - Finish processing
16:50:58.630 [pool-1-thread-2] INFO  o.a.AndroidAnnotationProcessor:85 - Initialize AndroidAnnotations 3.0.1 with options {}
16:50:58.849 [pool-1-thread-2] INFO  o.a.AndroidAnnotationProcessor:109 - Start processing for 1 annotations on 4 elements
16:50:58.855 [pool-1-thread-2] DEBUG o.a.h.AndroidManifestFinder:137 - AndroidManifest.xml file found in parent folder E:\workspace\RESTSIQS\CLIENT\RESTSIQS: E:\workspace\RESTSIQS\CLIENT\RESTSIQS\AndroidManifest.xml
16:50:58.885 [pool-1-thread-2] INFO  o.a.AndroidAnnotationProcessor:172 - AndroidManifest.xml found: AndroidManifest [applicationPackage=com.restsiqs.RESTSIQS, componentQualifiedNames=[com.restsiqs.RESTSIQS.MainActivity_, com.restsiqs.RESTSIQS.SecondActivity_], permissionQualifiedNames=[], applicationClassName=null, libraryProject=false, debugabble=false, minSdkVersion=18, maxSdkVersion=-1, targetSdkVersion=-1]
16:50:58.890 [pool-1-thread-2] INFO  o.a.r.ProjectRClassFinder:50 - Found project R class: com.restsiqs.RESTSIQS.R
16:50:59.18 [pool-1-thread-2] INFO  o.a.r.AndroidRClassFinder:44 - Found Android class: android.R
16:50:59.200 [pool-1-thread-2] INFO  o.a.p.ModelValidator:42 - Validating elements
16:50:59.201 [pool-1-thread-2] DEBUG o.a.p.ModelValidator:62 - Validating with EActivityHandler: [com.restsiqs.RESTSIQS.MainActivity]
16:50:59.248 [pool-1-thread-2] INFO  o.a.p.ModelProcessor:73 - Processing root elements
16:50:59.248 [pool-1-thread-2] DEBUG o.a.p.ModelProcessor:80 - Processing root elements EActivityHandler: [com.restsiqs.RESTSIQS.MainActivity]
16:50:59.308 [pool-1-thread-2] INFO  o.a.p.ModelProcessor:104 - Processing enclosed elements
16:50:59.309 [pool-1-thread-2] INFO  o.a.AndroidAnnotationProcessor:251 - Number of files generated by AndroidAnnotations: 1
16:50:59.311 [pool-1-thread-2] INFO  o.a.g.ApiCodeGenerator:52 - Writting following API classes in project: []
16:50:59.314 [pool-1-thread-2] DEBUG o.a.g.SourceCodewriter:55 - Generating class: com.restsiqs.RESTSIQS.MainActivity_
16:50:59.344 [pool-1-thread-2] INFO  o.a.p.TimeStats:81 - Time measurements: [Whole Processing = 495 ms], [Find R Classes = 223 ms], [Process Annotations = 90 ms], [Generate Sources = 35 ms], [Extract Manifest = 32 ms], [Validate Annotations = 20 ms], [Extract Annotations = 4 ms], 
16:50:59.345 [pool-1-thread-2] INFO  o.a.AndroidAnnotationProcessor:123 - Finish processing
16:51:55.471 [pool-1-thread-2] INFO  o.a.AndroidAnnotationProcessor:85 - Initialize AndroidAnnotations 3.0.1 with options {}
16:51:55.571 [pool-1-thread-2] INFO  o.a.AndroidAnnotationProcessor:109 - Start processing for 1 annotations on 1 elements
16:51:55.580 [pool-1-thread-2] DEBUG o.a.h.AndroidManifestFinder:137 - AndroidManifest.xml file found in parent folder E:\workspace\RESTSIQS\CLIENT\RESTSIQS: E:\workspace\RESTSIQS\CLIENT\RESTSIQS\AndroidManifest.xml
16:51:55.602 [pool-1-thread-2] INFO  o.a.AndroidAnnotationProcessor:172 - AndroidManifest.xml found: AndroidManifest [applicationPackage=com.restsiqs.RESTSIQS, componentQualifiedNames=[com.restsiqs.RESTSIQS.MainActivity_, com.restsiqs.RESTSIQS.SecondActivity_], permissionQualifiedNames=[], applicationClassName=null, libraryProject=false, debugabble=false, minSdkVersion=18, maxSdkVersion=-1, targetSdkVersion=-1]
16:51:55.604 [pool-1-thread-2] INFO  o.a.r.ProjectRClassFinder:50 - Found project R class: com.restsiqs.RESTSIQS.R
16:51:55.611 [pool-1-thread-2] INFO  o.a.r.AndroidRClassFinder:44 - Found Android class: android.R
16:51:55.645 [pool-1-thread-2] INFO  o.a.p.ModelValidator:42 - Validating elements
16:51:55.646 [pool-1-thread-2] DEBUG o.a.p.ModelValidator:62 - Validating with EActivityHandler: [com.restsiqs.RESTSIQS.SecondActivity]
16:51:55.666 [pool-1-thread-2] INFO  o.a.p.ModelProcessor:73 - Processing root elements
16:51:55.667 [pool-1-thread-2] DEBUG o.a.p.ModelProcessor:80 - Processing root elements EActivityHandler: [com.restsiqs.RESTSIQS.SecondActivity]
16:51:55.711 [pool-1-thread-2] INFO  o.a.p.ModelProcessor:104 - Processing enclosed elements
16:51:55.712 [pool-1-thread-2] INFO  o.a.AndroidAnnotationProcessor:251 - Number of files generated by AndroidAnnotations: 1
16:51:55.715 [pool-1-thread-2] INFO  o.a.g.ApiCodeGenerator:52 - Writting following API classes in project: []
16:51:55.718 [pool-1-thread-2] DEBUG o.a.g.SourceCodewriter:55 - Generating class: com.restsiqs.RESTSIQS.SecondActivity_
16:51:55.739 [pool-1-thread-2] INFO  o.a.p.TimeStats:81 - Time measurements: [Whole Processing = 168 ms], [Process Annotations = 57 ms], [Find R Classes = 32 ms], [Generate Sources = 26 ms], [Extract Manifest = 23 ms], [Validate Annotations = 11 ms], [Extract Annotations = 7 ms], 
16:51:55.741 [pool-1-thread-2] INFO  o.a.AndroidAnnotationProcessor:123 - Finish processing
16:52:56.708 [pool-1-thread-2] INFO  o.a.AndroidAnnotationProcessor:85 - Initialize AndroidAnnotations 3.0.1 with options {}
16:52:56.790 [pool-1-thread-2] INFO  o.a.AndroidAnnotationProcessor:109 - Start processing for 1 annotations on 1 elements
16:52:56.799 [pool-1-thread-2] DEBUG o.a.h.AndroidManifestFinder:137 - AndroidManifest.xml file found in parent folder E:\workspace\RESTSIQS\CLIENT\RESTSIQS: E:\workspace\RESTSIQS\CLIENT\RESTSIQS\AndroidManifest.xml
16:52:56.820 [pool-1-thread-2] INFO  o.a.AndroidAnnotationProcessor:172 - AndroidManifest.xml found: AndroidManifest [applicationPackage=com.restsiqs.RESTSIQS, componentQualifiedNames=[com.restsiqs.RESTSIQS.MainActivity_, com.restsiqs.RESTSIQS.SecondActivity_], permissionQualifiedNames=[], applicationClassName=null, libraryProject=false, debugabble=false, minSdkVersion=18, maxSdkVersion=-1, targetSdkVersion=-1]
16:52:56.821 [pool-1-thread-2] INFO  o.a.r.ProjectRClassFinder:50 - Found project R class: com.restsiqs.RESTSIQS.R
16:52:56.827 [pool-1-thread-2] INFO  o.a.r.AndroidRClassFinder:44 - Found Android class: android.R
16:52:56.862 [pool-1-thread-2] INFO  o.a.p.ModelValidator:42 - Validating elements
16:52:56.863 [pool-1-thread-2] DEBUG o.a.p.ModelValidator:62 - Validating with EActivityHandler: [com.restsiqs.RESTSIQS.SecondActivity]
16:52:56.883 [pool-1-thread-2] INFO  o.a.p.ModelProcessor:73 - Processing root elements
16:52:56.883 [pool-1-thread-2] DEBUG o.a.p.ModelProcessor:80 - Processing root elements EActivityHandler: [com.restsiqs.RESTSIQS.SecondActivity]
16:52:56.925 [pool-1-thread-2] INFO  o.a.p.ModelProcessor:104 - Processing enclosed elements
16:52:56.927 [pool-1-thread-2] INFO  o.a.AndroidAnnotationProcessor:251 - Number of files generated by AndroidAnnotations: 1
16:52:56.930 [pool-1-thread-2] INFO  o.a.g.ApiCodeGenerator:52 - Writting following API classes in project: []
16:52:56.932 [pool-1-thread-2] DEBUG o.a.g.SourceCodewriter:55 - Generating class: com.restsiqs.RESTSIQS.SecondActivity_
16:52:56.955 [pool-1-thread-2] INFO  o.a.p.TimeStats:81 - Time measurements: [Whole Processing = 165 ms], [Process Annotations = 55 ms], [Find R Classes = 30 ms], [Generate Sources = 29 ms], [Extract Manifest = 23 ms], [Validate Annotations = 9 ms], [Extract Annotations = 6 ms], 
16:52:56.955 [pool-1-thread-2] INFO  o.a.AndroidAnnotationProcessor:123 - Finish processing
16:53:28.635 [pool-1-thread-2] INFO  o.a.AndroidAnnotationProcessor:85 - Initialize AndroidAnnotations 3.0.1 with options {}
16:53:28.722 [pool-1-thread-2] INFO  o.a.AndroidAnnotationProcessor:109 - Start processing for 1 annotations on 1 elements
16:53:28.730 [pool-1-thread-2] DEBUG o.a.h.AndroidManifestFinder:137 - AndroidManifest.xml file found in parent folder E:\workspace\RESTSIQS\CLIENT\RESTSIQS: E:\workspace\RESTSIQS\CLIENT\RESTSIQS\AndroidManifest.xml
16:53:28.750 [pool-1-thread-2] INFO  o.a.AndroidAnnotationProcessor:172 - AndroidManifest.xml found: AndroidManifest [applicationPackage=com.restsiqs.RESTSIQS, componentQualifiedNames=[com.restsiqs.RESTSIQS.MainActivity_, com.restsiqs.RESTSIQS.SecondActivity_], permissionQualifiedNames=[], applicationClassName=null, libraryProject=false, debugabble=false, minSdkVersion=18, maxSdkVersion=-1, targetSdkVersion=-1]
16:53:28.752 [pool-1-thread-2] INFO  o.a.r.ProjectRClassFinder:50 - Found project R class: com.restsiqs.RESTSIQS.R
16:53:28.758 [pool-1-thread-2] INFO  o.a.r.AndroidRClassFinder:44 - Found Android class: android.R
16:53:28.785 [pool-1-thread-2] INFO  o.a.p.ModelValidator:42 - Validating elements
16:53:28.785 [pool-1-thread-2] DEBUG o.a.p.ModelValidator:62 - Validating with EActivityHandler: [com.restsiqs.RESTSIQS.MainActivity]
16:53:28.804 [pool-1-thread-2] INFO  o.a.p.ModelProcessor:73 - Processing root elements
16:53:28.804 [pool-1-thread-2] DEBUG o.a.p.ModelProcessor:80 - Processing root elements EActivityHandler: [com.restsiqs.RESTSIQS.MainActivity]
16:53:28.839 [pool-1-thread-2] INFO  o.a.p.ModelProcessor:104 - Processing enclosed elements
16:53:28.839 [pool-1-thread-2] INFO  o.a.AndroidAnnotationProcessor:251 - Number of files generated by AndroidAnnotations: 1
16:53:28.841 [pool-1-thread-2] INFO  o.a.g.ApiCodeGenerator:52 - Writting following API classes in project: []
16:53:28.842 [pool-1-thread-2] DEBUG o.a.g.SourceCodewriter:55 - Generating class: com.restsiqs.RESTSIQS.MainActivity_
16:53:28.863 [pool-1-thread-2] INFO  o.a.p.TimeStats:81 - Time measurements: [Whole Processing = 141 ms], [Process Annotations = 47 ms], [Find R Classes = 24 ms], [Generate Sources = 24 ms], [Extract Manifest = 22 ms], [Validate Annotations = 8 ms], [Extract Annotations = 6 ms], 
16:53:28.863 [pool-1-thread-2] INFO  o.a.AndroidAnnotationProcessor:123 - Finish processing
00:47:54.365 [pool-1-thread-2] INFO  o.a.AndroidAnnotationProcessor:85 - Initialize AndroidAnnotations 3.0.1 with options {}
00:47:54.454 [pool-1-thread-2] INFO  o.a.AndroidAnnotationProcessor:109 - Start processing for 1 annotations on 7 elements
00:47:54.464 [pool-1-thread-2] DEBUG o.a.h.AndroidManifestFinder:137 - AndroidManifest.xml file found in parent folder E:\workspace\RESTSIQS\CLIENT\RESTSIQS: E:\workspace\RESTSIQS\CLIENT\RESTSIQS\AndroidManifest.xml
00:47:54.479 [pool-1-thread-2] INFO  o.a.AndroidAnnotationProcessor:172 - AndroidManifest.xml found: AndroidManifest [applicationPackage=com.restsiqs.RESTSIQS, componentQualifiedNames=[com.restsiqs.RESTSIQS.MainActivity_, com.restsiqs.RESTSIQS.SecondActivity_], permissionQualifiedNames=[], applicationClassName=null, libraryProject=false, debugabble=false, minSdkVersion=18, maxSdkVersion=-1, targetSdkVersion=-1]
00:47:54.480 [pool-1-thread-2] INFO  o.a.r.ProjectRClassFinder:50 - Found project R class: com.restsiqs.RESTSIQS.R
00:47:54.485 [pool-1-thread-2] INFO  o.a.r.AndroidRClassFinder:44 - Found Android class: android.R
00:47:54.526 [pool-1-thread-2] INFO  o.a.p.ModelValidator:42 - Validating elements
00:47:54.526 [pool-1-thread-2] DEBUG o.a.p.ModelValidator:62 - Validating with EActivityHandler: [com.restsiqs.RESTSIQS.MainActivity]
00:47:54.544 [pool-1-thread-2] INFO  o.a.p.ModelProcessor:73 - Processing root elements
00:47:54.544 [pool-1-thread-2] DEBUG o.a.p.ModelProcessor:80 - Processing root elements EActivityHandler: [com.restsiqs.RESTSIQS.MainActivity]
00:47:54.580 [pool-1-thread-2] INFO  o.a.p.ModelProcessor:104 - Processing enclosed elements
00:47:54.581 [pool-1-thread-2] INFO  o.a.AndroidAnnotationProcessor:251 - Number of files generated by AndroidAnnotations: 1
00:47:54.584 [pool-1-thread-2] INFO  o.a.g.ApiCodeGenerator:52 - Writting following API classes in project: []
00:47:54.586 [pool-1-thread-2] DEBUG o.a.g.SourceCodewriter:55 - Generating class: com.restsiqs.RESTSIQS.MainActivity_
00:47:54.608 [pool-1-thread-2] INFO  o.a.p.TimeStats:81 - Time measurements: [Whole Processing = 154 ms], [Process Annotations = 48 ms], [Find R Classes = 34 ms], [Generate Sources = 27 ms], [Extract Manifest = 16 ms], [Extract Annotations = 8 ms], [Validate Annotations = 8 ms], 
00:47:54.608 [pool-1-thread-2] INFO  o.a.AndroidAnnotationProcessor:123 - Finish processing
00:47:56.186 [pool-1-thread-2] INFO  o.a.AndroidAnnotationProcessor:85 - Initialize AndroidAnnotations 3.0.1 with options {}
00:47:56.288 [pool-1-thread-2] INFO  o.a.AndroidAnnotationProcessor:109 - Start processing for 1 annotations on 2 elements
00:47:56.294 [pool-1-thread-2] DEBUG o.a.h.AndroidManifestFinder:137 - AndroidManifest.xml file found in parent folder E:\workspace\RESTSIQS\CLIENT\RESTSIQS: E:\workspace\RESTSIQS\CLIENT\RESTSIQS\AndroidManifest.xml
00:47:56.303 [pool-1-thread-2] INFO  o.a.AndroidAnnotationProcessor:172 - AndroidManifest.xml found: AndroidManifest [applicationPackage=com.restsiqs.RESTSIQS, componentQualifiedNames=[com.restsiqs.RESTSIQS.MainActivity_, com.restsiqs.RESTSIQS.SecondActivity_], permissionQualifiedNames=[], applicationClassName=null, libraryProject=false, debugabble=false, minSdkVersion=18, maxSdkVersion=-1, targetSdkVersion=-1]
00:47:56.304 [pool-1-thread-2] INFO  o.a.r.ProjectRClassFinder:50 - Found project R class: com.restsiqs.RESTSIQS.R
00:47:56.309 [pool-1-thread-2] INFO  o.a.r.AndroidRClassFinder:44 - Found Android class: android.R
00:47:56.331 [pool-1-thread-2] INFO  o.a.p.ModelValidator:42 - Validating elements
00:47:56.332 [pool-1-thread-2] DEBUG o.a.p.ModelValidator:62 - Validating with EActivityHandler: [com.restsiqs.RESTSIQS.MainActivity, com.restsiqs.RESTSIQS.SecondActivity]
00:47:56.354 [pool-1-thread-2] INFO  o.a.p.ModelProcessor:73 - Processing root elements
00:47:56.355 [pool-1-thread-2] DEBUG o.a.p.ModelProcessor:80 - Processing root elements EActivityHandler: [com.restsiqs.RESTSIQS.MainActivity, com.restsiqs.RESTSIQS.SecondActivity]
00:47:56.391 [pool-1-thread-2] INFO  o.a.p.ModelProcessor:104 - Processing enclosed elements
00:47:56.393 [pool-1-thread-2] INFO  o.a.AndroidAnnotationProcessor:251 - Number of files generated by AndroidAnnotations: 2
00:47:56.396 [pool-1-thread-2] INFO  o.a.g.ApiCodeGenerator:52 - Writting following API classes in project: []
00:47:56.397 [pool-1-thread-2] DEBUG o.a.g.SourceCodewriter:55 - Generating class: com.restsiqs.RESTSIQS.MainActivity_
00:47:56.412 [pool-1-thread-2] DEBUG o.a.g.SourceCodewriter:55 - Generating class: com.restsiqs.RESTSIQS.SecondActivity_
00:47:56.418 [pool-1-thread-2] INFO  o.a.p.TimeStats:81 - Time measurements: [Whole Processing = 130 ms], [Process Annotations = 56 ms], [Generate Sources = 25 ms], [Find R Classes = 18 ms], [Extract Manifest = 11 ms], [Validate Annotations = 6 ms], [Extract Annotations = 4 ms], 
00:47:56.419 [pool-1-thread-2] INFO  o.a.AndroidAnnotationProcessor:123 - Finish processing
18:29:03.491 [pool-1-thread-2] INFO  o.a.AndroidAnnotationProcessor:85 - Initialize AndroidAnnotations 3.0.1 with options {}
18:29:04.326 [pool-1-thread-2] INFO  o.a.AndroidAnnotationProcessor:109 - Start processing for 1 annotations on 1 elements
18:29:04.401 [pool-1-thread-2] DEBUG o.a.h.AndroidManifestFinder:137 - AndroidManifest.xml file found in parent folder E:\workspace\RESTSIQS\CLIENT\RESTSIQS: E:\workspace\RESTSIQS\CLIENT\RESTSIQS\AndroidManifest.xml
18:29:05.450 [pool-1-thread-2] INFO  o.a.AndroidAnnotationProcessor:172 - AndroidManifest.xml found: AndroidManifest [applicationPackage=com.restsiqs.RESTSIQS, componentQualifiedNames=[com.restsiqs.RESTSIQS.MainActivity_, com.restsiqs.RESTSIQS.SecondActivity_, com.restsiqs.RESTSIQS.Actions.CourseActivity, com.restsiqs.RESTSIQS.Actions.MainActivity, com.restsiqs.RESTSIQS.Actions.DetailActivity, com.restsiqs.RESTSIQS.Actions.NoticeActivity, com.restsiqs.RESTSIQS.Actions.NoticeDetailActivity], permissionQualifiedNames=[], applicationClassName=null, libraryProject=false, debugabble=false, minSdkVersion=18, maxSdkVersion=-1, targetSdkVersion=-1]
18:29:05.451 [pool-1-thread-2] INFO  o.a.r.ProjectRClassFinder:50 - Found project R class: com.restsiqs.RESTSIQS.R
18:29:05.601 [pool-1-thread-2] INFO  o.a.r.AndroidRClassFinder:44 - Found Android class: android.R
18:29:06.439 [pool-1-thread-2] INFO  o.a.p.ModelValidator:42 - Validating elements
18:29:06.439 [pool-1-thread-2] DEBUG o.a.p.ModelValidator:62 - Validating with EActivityHandler: [com.restsiqs.RESTSIQS.MainActivity]
18:29:06.663 [pool-1-thread-2] INFO  o.a.p.ModelProcessor:73 - Processing root elements
18:29:06.663 [pool-1-thread-2] DEBUG o.a.p.ModelProcessor:80 - Processing root elements EActivityHandler: [com.restsiqs.RESTSIQS.MainActivity]
18:29:06.931 [pool-1-thread-2] INFO  o.a.p.ModelProcessor:104 - Processing enclosed elements
18:29:06.932 [pool-1-thread-2] INFO  o.a.AndroidAnnotationProcessor:251 - Number of files generated by AndroidAnnotations: 1
18:29:06.935 [pool-1-thread-2] INFO  o.a.g.ApiCodeGenerator:52 - Writting following API classes in project: []
18:29:06.959 [pool-1-thread-2] DEBUG o.a.g.SourceCodewriter:55 - Generating class: com.restsiqs.RESTSIQS.MainActivity_
18:29:06.982 [pool-1-thread-2] INFO  o.a.p.TimeStats:81 - Time measurements: [Whole Processing = 2656 ms], [Extract Manifest = 1078 ms], [Find R Classes = 707 ms], [Process Annotations = 486 ms], [Generate Sources = 50 ms], [Extract Annotations = 44 ms], [Validate Annotations = 8 ms], 
18:29:06.982 [pool-1-thread-2] INFO  o.a.AndroidAnnotationProcessor:123 - Finish processing
20:09:51.393 [pool-1-thread-2] INFO  o.a.AndroidAnnotationProcessor:85 - Initialize AndroidAnnotations 3.0.1 with options {}
20:09:51.454 [pool-1-thread-2] INFO  o.a.AndroidAnnotationProcessor:109 - Start processing for 1 annotations on 6 elements
20:09:51.462 [pool-1-thread-2] DEBUG o.a.h.AndroidManifestFinder:137 - AndroidManifest.xml file found in parent folder E:\workspace\RESTSIQS\CLIENT\RESTSIQS: E:\workspace\RESTSIQS\CLIENT\RESTSIQS\AndroidManifest.xml
20:09:51.529 [pool-1-thread-2] INFO  o.a.AndroidAnnotationProcessor:172 - AndroidManifest.xml found: AndroidManifest [applicationPackage=com.restsiqs.RESTSIQS, componentQualifiedNames=[com.restsiqs.RESTSIQS.MainActivity_, com.restsiqs.RESTSIQS.SecondActivity_, com.restsiqs.RESTSIQS.Actions.CourseDetailActivity_, com.restsiqs.RESTSIQS.Actions.CourseListActivity_, com.restsiqs.RESTSIQS.Actions.NoticeDetailActivity_, com.restsiqs.RESTSIQS.Actions.NoticeListActivity_, com.restsiqs.RESTSIQS.Actions.LoginActivity_], permissionQualifiedNames=[], applicationClassName=null, libraryProject=false, debugabble=false, minSdkVersion=18, maxSdkVersion=-1, targetSdkVersion=-1]
20:09:51.530 [pool-1-thread-2] INFO  o.a.r.ProjectRClassFinder:50 - Found project R class: com.restsiqs.RESTSIQS.R
20:09:51.534 [pool-1-thread-2] INFO  o.a.r.AndroidRClassFinder:44 - Found Android class: android.R
20:09:51.568 [pool-1-thread-2] INFO  o.a.p.ModelValidator:42 - Validating elements
20:09:51.570 [pool-1-thread-2] DEBUG o.a.p.ModelValidator:62 - Validating with EActivityHandler: [com.restsiqs.RESTSIQS.Actions.CourseListActivity, com.restsiqs.RESTSIQS.Actions.LoginActivity, com.restsiqs.RESTSIQS.Actions.NoticeDetailActivity, com.restsiqs.RESTSIQS.Actions.NoticeListActivity, com.restsiqs.RESTSIQS.Actions.CourseDetailActivity]
20:09:51.592 [pool-1-thread-2] INFO  o.a.p.ModelProcessor:73 - Processing root elements
20:09:51.593 [pool-1-thread-2] DEBUG o.a.p.ModelProcessor:80 - Processing root elements EActivityHandler: [com.restsiqs.RESTSIQS.Actions.CourseDetailActivity, com.restsiqs.RESTSIQS.Actions.LoginActivity, com.restsiqs.RESTSIQS.Actions.CourseListActivity, com.restsiqs.RESTSIQS.Actions.NoticeListActivity, com.restsiqs.RESTSIQS.Actions.NoticeDetailActivity]
20:09:51.644 [pool-1-thread-2] INFO  o.a.p.ModelProcessor:104 - Processing enclosed elements
20:09:51.645 [pool-1-thread-2] INFO  o.a.AndroidAnnotationProcessor:251 - Number of files generated by AndroidAnnotations: 5
20:09:51.648 [pool-1-thread-2] INFO  o.a.g.ApiCodeGenerator:52 - Writting following API classes in project: []
20:09:51.652 [pool-1-thread-2] DEBUG o.a.g.SourceCodewriter:55 - Generating class: com.restsiqs.RESTSIQS.Actions.CourseDetailActivity_
20:09:51.671 [pool-1-thread-2] DEBUG o.a.g.SourceCodewriter:55 - Generating class: com.restsiqs.RESTSIQS.Actions.CourseListActivity_
20:09:51.675 [pool-1-thread-2] DEBUG o.a.g.SourceCodewriter:55 - Generating class: com.restsiqs.RESTSIQS.Actions.LoginActivity_
20:09:51.681 [pool-1-thread-2] DEBUG o.a.g.SourceCodewriter:55 - Generating class: com.restsiqs.RESTSIQS.Actions.NoticeDetailActivity_
20:09:51.711 [pool-1-thread-2] DEBUG o.a.g.SourceCodewriter:55 - Generating class: com.restsiqs.RESTSIQS.Actions.NoticeListActivity_
20:09:51.715 [pool-1-thread-2] INFO  o.a.p.TimeStats:81 - Time measurements: [Whole Processing = 261 ms], [Generate Sources = 70 ms], [Extract Manifest = 68 ms], [Process Annotations = 64 ms], [Find R Classes = 27 ms], [Validate Annotations = 13 ms], [Extract Annotations = 6 ms], 
20:09:51.716 [pool-1-thread-2] INFO  o.a.AndroidAnnotationProcessor:123 - Finish processing
20:09:52.892 [pool-1-thread-2] INFO  o.a.AndroidAnnotationProcessor:85 - Initialize AndroidAnnotations 3.0.1 with options {}
20:09:52.949 [pool-1-thread-2] INFO  o.a.AndroidAnnotationProcessor:109 - Start processing for 1 annotations on 5 elements
20:09:52.954 [pool-1-thread-2] DEBUG o.a.h.AndroidManifestFinder:137 - AndroidManifest.xml file found in parent folder E:\workspace\RESTSIQS\CLIENT\RESTSIQS: E:\workspace\RESTSIQS\CLIENT\RESTSIQS\AndroidManifest.xml
20:09:52.960 [pool-1-thread-2] INFO  o.a.AndroidAnnotationProcessor:172 - AndroidManifest.xml found: AndroidManifest [applicationPackage=com.restsiqs.RESTSIQS, componentQualifiedNames=[com.restsiqs.RESTSIQS.MainActivity_, com.restsiqs.RESTSIQS.SecondActivity_, com.restsiqs.RESTSIQS.Actions.CourseDetailActivity_, com.restsiqs.RESTSIQS.Actions.CourseListActivity_, com.restsiqs.RESTSIQS.Actions.NoticeDetailActivity_, com.restsiqs.RESTSIQS.Actions.NoticeListActivity_, com.restsiqs.RESTSIQS.Actions.LoginActivity_], permissionQualifiedNames=[], applicationClassName=null, libraryProject=false, debugabble=false, minSdkVersion=18, maxSdkVersion=-1, targetSdkVersion=-1]
20:09:52.961 [pool-1-thread-2] INFO  o.a.r.ProjectRClassFinder:50 - Found project R class: com.restsiqs.RESTSIQS.R
20:09:52.964 [pool-1-thread-2] INFO  o.a.r.AndroidRClassFinder:44 - Found Android class: android.R
20:09:52.982 [pool-1-thread-2] INFO  o.a.p.ModelValidator:42 - Validating elements
20:09:52.983 [pool-1-thread-2] DEBUG o.a.p.ModelValidator:62 - Validating with EActivityHandler: [com.restsiqs.RESTSIQS.MainActivity, com.restsiqs.RESTSIQS.SecondActivity]
20:09:52.994 [pool-1-thread-2] INFO  o.a.p.ModelProcessor:73 - Processing root elements
20:09:52.994 [pool-1-thread-2] DEBUG o.a.p.ModelProcessor:80 - Processing root elements EActivityHandler: [com.restsiqs.RESTSIQS.SecondActivity, com.restsiqs.RESTSIQS.MainActivity]
20:09:53.17 [pool-1-thread-2] INFO  o.a.p.ModelProcessor:104 - Processing enclosed elements
20:09:53.18 [pool-1-thread-2] INFO  o.a.AndroidAnnotationProcessor:251 - Number of files generated by AndroidAnnotations: 2
20:09:53.20 [pool-1-thread-2] INFO  o.a.g.ApiCodeGenerator:52 - Writting following API classes in project: []
20:09:53.22 [pool-1-thread-2] DEBUG o.a.g.SourceCodewriter:55 - Generating class: com.restsiqs.RESTSIQS.MainActivity_
20:09:53.29 [pool-1-thread-2] DEBUG o.a.g.SourceCodewriter:55 - Generating class: com.restsiqs.RESTSIQS.SecondActivity_
20:09:53.34 [pool-1-thread-2] INFO  o.a.p.TimeStats:81 - Time measurements: [Whole Processing = 85 ms], [Process Annotations = 32 ms], [Generate Sources = 16 ms], [Find R Classes = 13 ms], [Extract Manifest = 7 ms], [Validate Annotations = 4 ms], [Extract Annotations = 3 ms], 
20:09:53.34 [pool-1-thread-2] INFO  o.a.AndroidAnnotationProcessor:123 - Finish processing
22:10:15.808 [pool-1-thread-2] INFO  o.a.AndroidAnnotationProcessor:85 - Initialize AndroidAnnotations 3.0.1 with options {}
22:10:15.955 [pool-1-thread-2] INFO  o.a.AndroidAnnotationProcessor:109 - Start processing for 1 annotations on 3 elements
22:10:15.963 [pool-1-thread-2] DEBUG o.a.h.AndroidManifestFinder:137 - AndroidManifest.xml file found in parent folder E:\workspace\RESTSIQS\CLIENT\RESTSIQS: E:\workspace\RESTSIQS\CLIENT\RESTSIQS\AndroidManifest.xml
22:10:16.847 [pool-1-thread-2] INFO  o.a.AndroidAnnotationProcessor:172 - AndroidManifest.xml found: AndroidManifest [applicationPackage=com.restsiqs.RESTSIQS, componentQualifiedNames=[com.restsiqs.RESTSIQS.MainActivity_, com.restsiqs.RESTSIQS.SecondActivity_, com.restsiqs.RESTSIQS.Actions.CourseDetailActivity_, com.restsiqs.RESTSIQS.Actions.CourseListActivity_, com.restsiqs.RESTSIQS.Actions.NoticeDetailActivity_, com.restsiqs.RESTSIQS.Actions.NoticeListActivity_, com.restsiqs.RESTSIQS.Actions.LoginActivity_], permissionQualifiedNames=[], applicationClassName=null, libraryProject=false, debugabble=false, minSdkVersion=18, maxSdkVersion=-1, targetSdkVersion=-1]
22:10:16.850 [pool-1-thread-2] INFO  o.a.r.ProjectRClassFinder:50 - Found project R class: com.restsiqs.RESTSIQS.R
22:10:16.922 [pool-1-thread-2] INFO  o.a.r.AndroidRClassFinder:44 - Found Android class: android.R
22:10:17.149 [pool-1-thread-2] INFO  o.a.p.ModelValidator:42 - Validating elements
22:10:17.150 [pool-1-thread-2] DEBUG o.a.p.ModelValidator:62 - Validating with EActivityHandler: [com.restsiqs.RESTSIQS.MainActivity]
22:10:17.173 [pool-1-thread-2] INFO  o.a.p.ModelProcessor:73 - Processing root elements
22:10:17.173 [pool-1-thread-2] DEBUG o.a.p.ModelProcessor:80 - Processing root elements EActivityHandler: [com.restsiqs.RESTSIQS.MainActivity]
22:10:17.225 [pool-1-thread-2] INFO  o.a.p.ModelProcessor:104 - Processing enclosed elements
22:10:17.226 [pool-1-thread-2] INFO  o.a.AndroidAnnotationProcessor:251 - Number of files generated by AndroidAnnotations: 1
22:10:17.229 [pool-1-thread-2] INFO  o.a.g.ApiCodeGenerator:52 - Writting following API classes in project: []
22:10:17.232 [pool-1-thread-2] DEBUG o.a.g.SourceCodewriter:55 - Generating class: com.restsiqs.RESTSIQS.MainActivity_
22:10:17.254 [pool-1-thread-2] INFO  o.a.p.TimeStats:81 - Time measurements: [Whole Processing = 1298 ms], [Extract Manifest = 887 ms], [Find R Classes = 190 ms], [Process Annotations = 68 ms], [Generate Sources = 27 ms], [Validate Annotations = 9 ms], [Extract Annotations = 4 ms], 
22:10:17.254 [pool-1-thread-2] INFO  o.a.AndroidAnnotationProcessor:123 - Finish processing
22:10:19.660 [pool-1-thread-2] INFO  o.a.AndroidAnnotationProcessor:85 - Initialize AndroidAnnotations 3.0.1 with options {}
22:10:19.755 [pool-1-thread-2] INFO  o.a.AndroidAnnotationProcessor:109 - Start processing for 1 annotations on 11 elements
22:10:19.766 [pool-1-thread-2] DEBUG o.a.h.AndroidManifestFinder:137 - AndroidManifest.xml file found in parent folder E:\workspace\RESTSIQS\CLIENT\RESTSIQS: E:\workspace\RESTSIQS\CLIENT\RESTSIQS\AndroidManifest.xml
22:10:19.771 [pool-1-thread-2] INFO  o.a.AndroidAnnotationProcessor:172 - AndroidManifest.xml found: AndroidManifest [applicationPackage=com.restsiqs.RESTSIQS, componentQualifiedNames=[com.restsiqs.RESTSIQS.MainActivity_, com.restsiqs.RESTSIQS.SecondActivity_, com.restsiqs.RESTSIQS.Actions.CourseDetailActivity_, com.restsiqs.RESTSIQS.Actions.CourseListActivity_, com.restsiqs.RESTSIQS.Actions.NoticeDetailActivity_, com.restsiqs.RESTSIQS.Actions.NoticeListActivity_, com.restsiqs.RESTSIQS.Actions.LoginActivity_], permissionQualifiedNames=[], applicationClassName=null, libraryProject=false, debugabble=false, minSdkVersion=18, maxSdkVersion=-1, targetSdkVersion=-1]
22:10:19.771 [pool-1-thread-2] INFO  o.a.r.ProjectRClassFinder:50 - Found project R class: com.restsiqs.RESTSIQS.R
22:10:19.774 [pool-1-thread-2] INFO  o.a.r.AndroidRClassFinder:44 - Found Android class: android.R
22:10:19.791 [pool-1-thread-2] INFO  o.a.p.ModelValidator:42 - Validating elements
22:10:19.792 [pool-1-thread-2] DEBUG o.a.p.ModelValidator:62 - Validating with EActivityHandler: [com.restsiqs.RESTSIQS.Actions.CourseListActivity, com.restsiqs.RESTSIQS.Actions.LoginActivity, com.restsiqs.RESTSIQS.Actions.NoticeDetailActivity, com.restsiqs.RESTSIQS.Actions.NoticeListActivity, com.restsiqs.RESTSIQS.MainActivity, com.restsiqs.RESTSIQS.Actions.CourseDetailActivity, com.restsiqs.RESTSIQS.SecondActivity]
22:10:19.805 [pool-1-thread-2] INFO  o.a.p.ModelProcessor:73 - Processing root elements
22:10:19.805 [pool-1-thread-2] DEBUG o.a.p.ModelProcessor:80 - Processing root elements EActivityHandler: [com.restsiqs.RESTSIQS.Actions.CourseListActivity, com.restsiqs.RESTSIQS.Actions.NoticeDetailActivity, com.restsiqs.RESTSIQS.MainActivity, com.restsiqs.RESTSIQS.Actions.NoticeListActivity, com.restsiqs.RESTSIQS.SecondActivity, com.restsiqs.RESTSIQS.Actions.CourseDetailActivity, com.restsiqs.RESTSIQS.Actions.LoginActivity]
22:10:19.866 [pool-1-thread-2] INFO  o.a.p.ModelProcessor:104 - Processing enclosed elements
22:10:19.868 [pool-1-thread-2] INFO  o.a.AndroidAnnotationProcessor:251 - Number of files generated by AndroidAnnotations: 7
22:10:19.870 [pool-1-thread-2] INFO  o.a.g.ApiCodeGenerator:52 - Writting following API classes in project: []
22:10:19.872 [pool-1-thread-2] DEBUG o.a.g.SourceCodewriter:55 - Generating class: com.restsiqs.RESTSIQS.Actions.CourseDetailActivity_
22:10:19.888 [pool-1-thread-2] DEBUG o.a.g.SourceCodewriter:55 - Generating class: com.restsiqs.RESTSIQS.Actions.CourseListActivity_
22:10:19.901 [pool-1-thread-2] DEBUG o.a.g.SourceCodewriter:55 - Generating class: com.restsiqs.RESTSIQS.Actions.LoginActivity_
22:10:19.908 [pool-1-thread-2] DEBUG o.a.g.SourceCodewriter:55 - Generating class: com.restsiqs.RESTSIQS.Actions.NoticeDetailActivity_
22:10:19.913 [pool-1-thread-2] DEBUG o.a.g.SourceCodewriter:55 - Generating class: com.restsiqs.RESTSIQS.Actions.NoticeListActivity_
22:10:19.917 [pool-1-thread-2] DEBUG o.a.g.SourceCodewriter:55 - Generating class: com.restsiqs.RESTSIQS.MainActivity_
22:10:19.921 [pool-1-thread-2] DEBUG o.a.g.SourceCodewriter:55 - Generating class: com.restsiqs.RESTSIQS.SecondActivity_
22:10:19.927 [pool-1-thread-2] INFO  o.a.p.TimeStats:81 - Time measurements: [Whole Processing = 171 ms], [Process Annotations = 70 ms], [Generate Sources = 59 ms], [Find R Classes = 10 ms], [Extract Annotations = 9 ms], [Validate Annotations = 7 ms], [Extract Manifest = 6 ms], 
22:10:19.927 [pool-1-thread-2] INFO  o.a.AndroidAnnotationProcessor:123 - Finish processing
22:11:41.119 [pool-1-thread-2] INFO  o.a.AndroidAnnotationProcessor:85 - Initialize AndroidAnnotations 3.0.1 with options {}
22:11:41.210 [pool-1-thread-2] INFO  o.a.AndroidAnnotationProcessor:109 - Start processing for 1 annotations on 9 elements
22:11:41.221 [pool-1-thread-2] DEBUG o.a.h.AndroidManifestFinder:137 - AndroidManifest.xml file found in parent folder E:\workspace\RESTSIQS\CLIENT\RESTSIQS: E:\workspace\RESTSIQS\CLIENT\RESTSIQS\AndroidManifest.xml
22:11:41.244 [pool-1-thread-2] INFO  o.a.AndroidAnnotationProcessor:172 - AndroidManifest.xml found: AndroidManifest [applicationPackage=com.restsiqs.RESTSIQS, componentQualifiedNames=[com.restsiqs.RESTSIQS.MainActivity_, com.restsiqs.RESTSIQS.SecondActivity_, com.restsiqs.RESTSIQS.Actions.CourseDetailActivity_, com.restsiqs.RESTSIQS.Actions.CourseListActivity_, com.restsiqs.RESTSIQS.Actions.NoticeDetailActivity_, com.restsiqs.RESTSIQS.Actions.NoticeListActivity_, com.restsiqs.RESTSIQS.Actions.LoginActivity_], permissionQualifiedNames=[], applicationClassName=null, libraryProject=false, debugabble=false, minSdkVersion=18, maxSdkVersion=-1, targetSdkVersion=-1]
22:11:41.246 [pool-1-thread-2] INFO  o.a.r.ProjectRClassFinder:50 - Found project R class: com.restsiqs.RESTSIQS.R
22:11:41.254 [pool-1-thread-2] INFO  o.a.r.AndroidRClassFinder:44 - Found Android class: android.R
22:11:41.286 [pool-1-thread-2] INFO  o.a.p.ModelValidator:42 - Validating elements
22:11:41.287 [pool-1-thread-2] DEBUG o.a.p.ModelValidator:62 - Validating with EActivityHandler: [com.restsiqs.RESTSIQS.Actions.CourseListActivity, com.restsiqs.RESTSIQS.SecondActivity, com.restsiqs.RESTSIQS.Actions.LoginActivity, com.restsiqs.RESTSIQS.Actions.NoticeDetailActivity, com.restsiqs.RESTSIQS.Actions.NoticeListActivity, com.restsiqs.RESTSIQS.MainActivity, com.restsiqs.RESTSIQS.Actions.CourseDetailActivity]
22:11:41.314 [pool-1-thread-2] INFO  o.a.p.ModelProcessor:73 - Processing root elements
22:11:41.315 [pool-1-thread-2] DEBUG o.a.p.ModelProcessor:80 - Processing root elements EActivityHandler: [com.restsiqs.RESTSIQS.SecondActivity, com.restsiqs.RESTSIQS.Actions.NoticeDetailActivity, com.restsiqs.RESTSIQS.Actions.LoginActivity, com.restsiqs.RESTSIQS.MainActivity, com.restsiqs.RESTSIQS.Actions.CourseDetailActivity, com.restsiqs.RESTSIQS.Actions.NoticeListActivity, com.restsiqs.RESTSIQS.Actions.CourseListActivity]
22:11:41.401 [pool-1-thread-2] INFO  o.a.p.ModelProcessor:104 - Processing enclosed elements
22:11:41.403 [pool-1-thread-2] INFO  o.a.AndroidAnnotationProcessor:251 - Number of files generated by AndroidAnnotations: 7
22:11:41.408 [pool-1-thread-2] INFO  o.a.g.ApiCodeGenerator:52 - Writting following API classes in project: []
22:11:41.410 [pool-1-thread-2] DEBUG o.a.g.SourceCodewriter:55 - Generating class: com.restsiqs.RESTSIQS.MainActivity_
22:11:41.432 [pool-1-thread-2] DEBUG o.a.g.SourceCodewriter:55 - Generating class: com.restsiqs.RESTSIQS.SecondActivity_
22:11:41.439 [pool-1-thread-2] DEBUG o.a.g.SourceCodewriter:55 - Generating class: com.restsiqs.RESTSIQS.Actions.CourseDetailActivity_
22:11:41.448 [pool-1-thread-2] DEBUG o.a.g.SourceCodewriter:55 - Generating class: com.restsiqs.RESTSIQS.Actions.CourseListActivity_
22:11:41.454 [pool-1-thread-2] DEBUG o.a.g.SourceCodewriter:55 - Generating class: com.restsiqs.RESTSIQS.Actions.LoginActivity_
22:11:41.470 [pool-1-thread-2] DEBUG o.a.g.SourceCodewriter:55 - Generating class: com.restsiqs.RESTSIQS.Actions.NoticeDetailActivity_
22:11:41.477 [pool-1-thread-2] DEBUG o.a.g.SourceCodewriter:55 - Generating class: com.restsiqs.RESTSIQS.Actions.NoticeListActivity_
22:11:41.482 [pool-1-thread-2] INFO  o.a.p.TimeStats:81 - Time measurements: [Whole Processing = 271 ms], [Process Annotations = 102 ms], [Generate Sources = 78 ms], [Find R Classes = 29 ms], [Extract Manifest = 25 ms], [Validate Annotations = 15 ms], [Extract Annotations = 7 ms], 
22:11:41.482 [pool-1-thread-2] INFO  o.a.AndroidAnnotationProcessor:123 - Finish processing
22:17:12.598 [pool-1-thread-2] INFO  o.a.AndroidAnnotationProcessor:85 - Initialize AndroidAnnotations 3.0.1 with options {}
22:17:12.713 [pool-1-thread-2] INFO  o.a.AndroidAnnotationProcessor:109 - Start processing for 1 annotations on 1 elements
22:17:12.720 [pool-1-thread-2] DEBUG o.a.h.AndroidManifestFinder:137 - AndroidManifest.xml file found in parent folder E:\workspace\RESTSIQS\CLIENT\RESTSIQS: E:\workspace\RESTSIQS\CLIENT\RESTSIQS\AndroidManifest.xml
22:17:12.742 [pool-1-thread-2] INFO  o.a.AndroidAnnotationProcessor:172 - AndroidManifest.xml found: AndroidManifest [applicationPackage=com.restsiqs.RESTSIQS, componentQualifiedNames=[com.restsiqs.RESTSIQS.MainActivity_, com.restsiqs.RESTSIQS.SecondActivity_, com.restsiqs.RESTSIQS.Actions.CourseDetailActivity_, com.restsiqs.RESTSIQS.Actions.CourseListActivity_, com.restsiqs.RESTSIQS.Actions.NoticeDetailActivity_, com.restsiqs.RESTSIQS.Actions.NoticeListActivity_, com.restsiqs.RESTSIQS.Actions.LoginActivity_], permissionQualifiedNames=[], applicationClassName=null, libraryProject=false, debugabble=false, minSdkVersion=18, maxSdkVersion=-1, targetSdkVersion=-1]
22:17:12.744 [pool-1-thread-2] INFO  o.a.r.ProjectRClassFinder:50 - Found project R class: com.restsiqs.RESTSIQS.R
22:17:12.751 [pool-1-thread-2] INFO  o.a.r.AndroidRClassFinder:44 - Found Android class: android.R
22:17:12.779 [pool-1-thread-2] INFO  o.a.p.ModelValidator:42 - Validating elements
22:17:12.780 [pool-1-thread-2] DEBUG o.a.p.ModelValidator:62 - Validating with EActivityHandler: [com.restsiqs.RESTSIQS.MainActivity]
22:17:12.799 [pool-1-thread-2] INFO  o.a.p.ModelProcessor:73 - Processing root elements
22:17:12.799 [pool-1-thread-2] DEBUG o.a.p.ModelProcessor:80 - Processing root elements EActivityHandler: [com.restsiqs.RESTSIQS.MainActivity]
22:17:12.832 [pool-1-thread-2] INFO  o.a.p.ModelProcessor:104 - Processing enclosed elements
22:17:12.833 [pool-1-thread-2] INFO  o.a.AndroidAnnotationProcessor:251 - Number of files generated by AndroidAnnotations: 1
22:17:12.834 [pool-1-thread-2] INFO  o.a.g.ApiCodeGenerator:52 - Writting following API classes in project: []
22:17:12.835 [pool-1-thread-2] DEBUG o.a.g.SourceCodewriter:55 - Generating class: com.restsiqs.RESTSIQS.MainActivity_
22:17:12.852 [pool-1-thread-2] INFO  o.a.p.TimeStats:81 - Time measurements: [Whole Processing = 139 ms], [Process Annotations = 46 ms], [Find R Classes = 25 ms], [Extract Manifest = 24 ms], [Generate Sources = 19 ms], [Validate Annotations = 9 ms], [Extract Annotations = 3 ms], 
22:17:12.852 [pool-1-thread-2] INFO  o.a.AndroidAnnotationProcessor:123 - Finish processing
22:18:10.882 [pool-1-thread-2] INFO  o.a.AndroidAnnotationProcessor:85 - Initialize AndroidAnnotations 3.0.1 with options {}
22:18:10.986 [pool-1-thread-2] INFO  o.a.AndroidAnnotationProcessor:109 - Start processing for 1 annotations on 1 elements
22:18:11.4 [pool-1-thread-2] DEBUG o.a.h.AndroidManifestFinder:137 - AndroidManifest.xml file found in parent folder E:\workspace\RESTSIQS\CLIENT\RESTSIQS: E:\workspace\RESTSIQS\CLIENT\RESTSIQS\AndroidManifest.xml
22:18:11.31 [pool-1-thread-2] INFO  o.a.AndroidAnnotationProcessor:172 - AndroidManifest.xml found: AndroidManifest [applicationPackage=com.restsiqs.RESTSIQS, componentQualifiedNames=[com.restsiqs.RESTSIQS.MainActivity_, com.restsiqs.RESTSIQS.SecondActivity_, com.restsiqs.RESTSIQS.Actions.CourseDetailActivity_, com.restsiqs.RESTSIQS.Actions.CourseListActivity_, com.restsiqs.RESTSIQS.Actions.NoticeDetailActivity_, com.restsiqs.RESTSIQS.Actions.NoticeListActivity_, com.restsiqs.RESTSIQS.Actions.LoginActivity_], permissionQualifiedNames=[], applicationClassName=null, libraryProject=false, debugabble=false, minSdkVersion=18, maxSdkVersion=-1, targetSdkVersion=-1]
22:18:11.33 [pool-1-thread-2] INFO  o.a.r.ProjectRClassFinder:50 - Found project R class: com.restsiqs.RESTSIQS.R
22:18:11.41 [pool-1-thread-2] INFO  o.a.r.AndroidRClassFinder:44 - Found Android class: android.R
22:18:11.78 [pool-1-thread-2] INFO  o.a.p.ModelValidator:42 - Validating elements
22:18:11.79 [pool-1-thread-2] DEBUG o.a.p.ModelValidator:62 - Validating with EActivityHandler: [com.restsiqs.RESTSIQS.MainActivity]
22:18:11.108 [pool-1-thread-2] INFO  o.a.p.ModelProcessor:73 - Processing root elements
22:18:11.110 [pool-1-thread-2] DEBUG o.a.p.ModelProcessor:80 - Processing root elements EActivityHandler: [com.restsiqs.RESTSIQS.MainActivity]
22:18:11.168 [pool-1-thread-2] INFO  o.a.p.ModelProcessor:104 - Processing enclosed elements
22:18:11.169 [pool-1-thread-2] INFO  o.a.AndroidAnnotationProcessor:251 - Number of files generated by AndroidAnnotations: 1
22:18:11.172 [pool-1-thread-2] INFO  o.a.g.ApiCodeGenerator:52 - Writting following API classes in project: []
22:18:11.174 [pool-1-thread-2] DEBUG o.a.g.SourceCodewriter:55 - Generating class: com.restsiqs.RESTSIQS.MainActivity_
22:18:11.197 [pool-1-thread-2] INFO  o.a.p.TimeStats:81 - Time measurements: [Whole Processing = 211 ms], [Process Annotations = 77 ms], [Find R Classes = 34 ms], [Extract Manifest = 30 ms], [Generate Sources = 28 ms], [Validate Annotations = 15 ms], [Extract Annotations = 14 ms], 
22:18:11.198 [pool-1-thread-2] INFO  o.a.AndroidAnnotationProcessor:123 - Finish processing
22:19:46.818 [pool-1-thread-2] INFO  o.a.AndroidAnnotationProcessor:85 - Initialize AndroidAnnotations 3.0.1 with options {}
22:19:46.954 [pool-1-thread-2] INFO  o.a.AndroidAnnotationProcessor:109 - Start processing for 1 annotations on 10 elements
22:19:46.968 [pool-1-thread-2] DEBUG o.a.h.AndroidManifestFinder:137 - AndroidManifest.xml file found in parent folder E:\workspace\RESTSIQS\CLIENT\RESTSIQS: E:\workspace\RESTSIQS\CLIENT\RESTSIQS\AndroidManifest.xml
22:19:46.995 [pool-1-thread-2] INFO  o.a.AndroidAnnotationProcessor:172 - AndroidManifest.xml found: AndroidManifest [applicationPackage=com.restsiqs.RESTSIQS, componentQualifiedNames=[com.restsiqs.RESTSIQS.MainActivity_, com.restsiqs.RESTSIQS.SecondActivity_, com.restsiqs.RESTSIQS.Actions.CourseDetailActivity_, com.restsiqs.RESTSIQS.Actions.CourseListActivity_, com.restsiqs.RESTSIQS.Actions.NoticeDetailActivity_, com.restsiqs.RESTSIQS.Actions.NoticeListActivity_, com.restsiqs.RESTSIQS.Actions.LoginActivity_], permissionQualifiedNames=[], applicationClassName=null, libraryProject=false, debugabble=false, minSdkVersion=18, maxSdkVersion=-1, targetSdkVersion=-1]
22:19:46.997 [pool-1-thread-2] INFO  o.a.r.ProjectRClassFinder:50 - Found project R class: com.restsiqs.RESTSIQS.R
22:19:47.7 [pool-1-thread-2] INFO  o.a.r.AndroidRClassFinder:44 - Found Android class: android.R
22:19:47.47 [pool-1-thread-2] INFO  o.a.p.ModelValidator:42 - Validating elements
22:19:47.48 [pool-1-thread-2] DEBUG o.a.p.ModelValidator:62 - Validating with EActivityHandler: [com.restsiqs.RESTSIQS.SecondActivity, com.restsiqs.RESTSIQS.Actions.LoginActivity, com.restsiqs.RESTSIQS.Actions.NoticeDetailActivity, com.restsiqs.RESTSIQS.Actions.CourseListActivity, com.restsiqs.RESTSIQS.Actions.NoticeListActivity, com.restsiqs.RESTSIQS.Actions.CourseDetailActivity, com.restsiqs.RESTSIQS.MainActivity]
22:19:47.78 [pool-1-thread-2] INFO  o.a.p.ModelProcessor:73 - Processing root elements
22:19:47.78 [pool-1-thread-2] DEBUG o.a.p.ModelProcessor:80 - Processing root elements EActivityHandler: [com.restsiqs.RESTSIQS.Actions.NoticeListActivity, com.restsiqs.RESTSIQS.SecondActivity, com.restsiqs.RESTSIQS.Actions.CourseListActivity, com.restsiqs.RESTSIQS.Actions.CourseDetailActivity, com.restsiqs.RESTSIQS.MainActivity, com.restsiqs.RESTSIQS.Actions.NoticeDetailActivity, com.restsiqs.RESTSIQS.Actions.LoginActivity]
22:19:47.141 [pool-1-thread-2] INFO  o.a.p.ModelProcessor:104 - Processing enclosed elements
22:19:47.143 [pool-1-thread-2] INFO  o.a.AndroidAnnotationProcessor:251 - Number of files generated by AndroidAnnotations: 7
22:19:47.145 [pool-1-thread-2] INFO  o.a.g.ApiCodeGenerator:52 - Writting following API classes in project: []
22:19:47.147 [pool-1-thread-2] DEBUG o.a.g.SourceCodewriter:55 - Generating class: com.restsiqs.RESTSIQS.Actions.CourseDetailActivity_
22:19:47.169 [pool-1-thread-2] DEBUG o.a.g.SourceCodewriter:55 - Generating class: com.restsiqs.RESTSIQS.Actions.CourseListActivity_
22:19:47.182 [pool-1-thread-2] DEBUG o.a.g.SourceCodewriter:55 - Generating class: com.restsiqs.RESTSIQS.Actions.LoginActivity_
22:19:47.190 [pool-1-thread-2] DEBUG o.a.g.SourceCodewriter:55 - Generating class: com.restsiqs.RESTSIQS.Actions.NoticeDetailActivity_
22:19:47.200 [pool-1-thread-2] DEBUG o.a.g.SourceCodewriter:55 - Generating class: com.restsiqs.RESTSIQS.Actions.NoticeListActivity_
22:19:47.202 [pool-1-thread-2] DEBUG o.a.g.SourceCodewriter:55 - Generating class: com.restsiqs.RESTSIQS.MainActivity_
22:19:47.207 [pool-1-thread-2] DEBUG o.a.g.SourceCodewriter:55 - Generating class: com.restsiqs.RESTSIQS.SecondActivity_
22:19:47.211 [pool-1-thread-2] INFO  o.a.p.TimeStats:81 - Time measurements: [Whole Processing = 257 ms], [Process Annotations = 82 ms], [Generate Sources = 68 ms], [Find R Classes = 38 ms], [Extract Manifest = 30 ms], [Validate Annotations = 15 ms], [Extract Annotations = 9 ms], 
22:19:47.211 [pool-1-thread-2] INFO  o.a.AndroidAnnotationProcessor:123 - Finish processing
22:27:26.26 [pool-1-thread-2] INFO  o.a.AndroidAnnotationProcessor:85 - Initialize AndroidAnnotations 3.0.1 with options {}
22:27:26.124 [pool-1-thread-2] INFO  o.a.AndroidAnnotationProcessor:109 - Start processing for 1 annotations on 1 elements
22:27:26.132 [pool-1-thread-2] DEBUG o.a.h.AndroidManifestFinder:137 - AndroidManifest.xml file found in parent folder E:\workspace\RESTSIQS\CLIENT\RESTSIQS: E:\workspace\RESTSIQS\CLIENT\RESTSIQS\AndroidManifest.xml
22:27:26.152 [pool-1-thread-2] INFO  o.a.AndroidAnnotationProcessor:172 - AndroidManifest.xml found: AndroidManifest [applicationPackage=com.restsiqs.RESTSIQS, componentQualifiedNames=[com.restsiqs.RESTSIQS.MainActivity_, com.restsiqs.RESTSIQS.SecondActivity_, com.restsiqs.RESTSIQS.Actions.CourseDetailActivity_, com.restsiqs.RESTSIQS.Actions.CourseListActivity_, com.restsiqs.RESTSIQS.Actions.NoticeDetailActivity_, com.restsiqs.RESTSIQS.Actions.NoticeListActivity_, com.restsiqs.RESTSIQS.Actions.LoginActivity_], permissionQualifiedNames=[], applicationClassName=null, libraryProject=false, debugabble=false, minSdkVersion=18, maxSdkVersion=-1, targetSdkVersion=-1]
22:27:26.153 [pool-1-thread-2] INFO  o.a.r.ProjectRClassFinder:50 - Found project R class: com.restsiqs.RESTSIQS.R
22:27:26.164 [pool-1-thread-2] INFO  o.a.r.AndroidRClassFinder:44 - Found Android class: android.R
22:27:26.194 [pool-1-thread-2] INFO  o.a.p.ModelValidator:42 - Validating elements
22:27:26.195 [pool-1-thread-2] DEBUG o.a.p.ModelValidator:62 - Validating with EActivityHandler: [com.restsiqs.RESTSIQS.MainActivity]
22:27:26.216 [pool-1-thread-2] INFO  o.a.p.ModelProcessor:73 - Processing root elements
22:27:26.216 [pool-1-thread-2] DEBUG o.a.p.ModelProcessor:80 - Processing root elements EActivityHandler: [com.restsiqs.RESTSIQS.MainActivity]
22:27:26.262 [pool-1-thread-2] INFO  o.a.p.ModelProcessor:104 - Processing enclosed elements
22:27:26.264 [pool-1-thread-2] INFO  o.a.AndroidAnnotationProcessor:251 - Number of files generated by AndroidAnnotations: 1
22:27:26.267 [pool-1-thread-2] INFO  o.a.g.ApiCodeGenerator:52 - Writting following API classes in project: []
22:27:26.269 [pool-1-thread-2] DEBUG o.a.g.SourceCodewriter:55 - Generating class: com.restsiqs.RESTSIQS.MainActivity_
22:27:26.289 [pool-1-thread-2] INFO  o.a.p.TimeStats:81 - Time measurements: [Whole Processing = 164 ms], [Process Annotations = 61 ms], [Find R Classes = 32 ms], [Generate Sources = 24 ms], [Extract Manifest = 23 ms], [Validate Annotations = 10 ms], [Extract Annotations = 4 ms], 
22:27:26.289 [pool-1-thread-2] INFO  o.a.AndroidAnnotationProcessor:123 - Finish processing
22:28:25.223 [pool-1-thread-2] INFO  o.a.AndroidAnnotationProcessor:85 - Initialize AndroidAnnotations 3.0.1 with options {}
22:28:25.317 [pool-1-thread-2] INFO  o.a.AndroidAnnotationProcessor:109 - Start processing for 1 annotations on 1 elements
22:28:25.322 [pool-1-thread-2] DEBUG o.a.h.AndroidManifestFinder:137 - AndroidManifest.xml file found in parent folder E:\workspace\RESTSIQS\CLIENT\RESTSIQS: E:\workspace\RESTSIQS\CLIENT\RESTSIQS\AndroidManifest.xml
22:28:25.347 [pool-1-thread-2] INFO  o.a.AndroidAnnotationProcessor:172 - AndroidManifest.xml found: AndroidManifest [applicationPackage=com.restsiqs.RESTSIQS, componentQualifiedNames=[com.restsiqs.RESTSIQS.MainActivity_, com.restsiqs.RESTSIQS.SecondActivity_, com.restsiqs.RESTSIQS.Actions.CourseDetailActivity_, com.restsiqs.RESTSIQS.Actions.CourseListActivity_, com.restsiqs.RESTSIQS.Actions.NoticeDetailActivity_, com.restsiqs.RESTSIQS.Actions.NoticeListActivity_, com.restsiqs.RESTSIQS.Actions.LoginActivity_], permissionQualifiedNames=[], applicationClassName=null, libraryProject=false, debugabble=false, minSdkVersion=18, maxSdkVersion=-1, targetSdkVersion=-1]
22:28:25.348 [pool-1-thread-2] INFO  o.a.r.ProjectRClassFinder:50 - Found project R class: com.restsiqs.RESTSIQS.R
22:28:25.355 [pool-1-thread-2] INFO  o.a.r.AndroidRClassFinder:44 - Found Android class: android.R
22:28:25.392 [pool-1-thread-2] INFO  o.a.p.ModelValidator:42 - Validating elements
22:28:25.392 [pool-1-thread-2] DEBUG o.a.p.ModelValidator:62 - Validating with EActivityHandler: [com.restsiqs.RESTSIQS.MainActivity]
22:28:25.410 [pool-1-thread-2] INFO  o.a.p.ModelProcessor:73 - Processing root elements
22:28:25.411 [pool-1-thread-2] DEBUG o.a.p.ModelProcessor:80 - Processing root elements EActivityHandler: [com.restsiqs.RESTSIQS.MainActivity]
22:28:25.455 [pool-1-thread-2] INFO  o.a.p.ModelProcessor:104 - Processing enclosed elements
22:28:25.457 [pool-1-thread-2] INFO  o.a.AndroidAnnotationProcessor:251 - Number of files generated by AndroidAnnotations: 1
22:28:25.460 [pool-1-thread-2] INFO  o.a.g.ApiCodeGenerator:52 - Writting following API classes in project: []
22:28:25.463 [pool-1-thread-2] DEBUG o.a.g.SourceCodewriter:55 - Generating class: com.restsiqs.RESTSIQS.MainActivity_
22:28:25.486 [pool-1-thread-2] INFO  o.a.p.TimeStats:81 - Time measurements: [Whole Processing = 169 ms], [Process Annotations = 55 ms], [Find R Classes = 32 ms], [Generate Sources = 30 ms], [Extract Manifest = 26 ms], [Validate Annotations = 10 ms], [Extract Annotations = 4 ms], 
22:28:25.486 [pool-1-thread-2] INFO  o.a.AndroidAnnotationProcessor:123 - Finish processing
22:29:18.353 [pool-1-thread-2] INFO  o.a.AndroidAnnotationProcessor:85 - Initialize AndroidAnnotations 3.0.1 with options {}
22:29:18.437 [pool-1-thread-2] INFO  o.a.AndroidAnnotationProcessor:109 - Start processing for 1 annotations on 1 elements
22:29:18.445 [pool-1-thread-2] DEBUG o.a.h.AndroidManifestFinder:137 - AndroidManifest.xml file found in parent folder E:\workspace\RESTSIQS\CLIENT\RESTSIQS: E:\workspace\RESTSIQS\CLIENT\RESTSIQS\AndroidManifest.xml
22:29:18.466 [pool-1-thread-2] INFO  o.a.AndroidAnnotationProcessor:172 - AndroidManifest.xml found: AndroidManifest [applicationPackage=com.restsiqs.RESTSIQS, componentQualifiedNames=[com.restsiqs.RESTSIQS.MainActivity_, com.restsiqs.RESTSIQS.SecondActivity_, com.restsiqs.RESTSIQS.Actions.CourseDetailActivity_, com.restsiqs.RESTSIQS.Actions.CourseListActivity_, com.restsiqs.RESTSIQS.Actions.NoticeDetailActivity_, com.restsiqs.RESTSIQS.Actions.NoticeListActivity_, com.restsiqs.RESTSIQS.Actions.LoginActivity_], permissionQualifiedNames=[], applicationClassName=null, libraryProject=false, debugabble=false, minSdkVersion=18, maxSdkVersion=-1, targetSdkVersion=-1]
22:29:18.468 [pool-1-thread-2] INFO  o.a.r.ProjectRClassFinder:50 - Found project R class: com.restsiqs.RESTSIQS.R
22:29:18.475 [pool-1-thread-2] INFO  o.a.r.AndroidRClassFinder:44 - Found Android class: android.R
22:29:18.512 [pool-1-thread-2] INFO  o.a.p.ModelValidator:42 - Validating elements
22:29:18.512 [pool-1-thread-2] DEBUG o.a.p.ModelValidator:62 - Validating with EActivityHandler: [com.restsiqs.RESTSIQS.MainActivity]
22:29:18.536 [pool-1-thread-2] INFO  o.a.p.ModelProcessor:73 - Processing root elements
22:29:18.536 [pool-1-thread-2] DEBUG o.a.p.ModelProcessor:80 - Processing root elements EActivityHandler: [com.restsiqs.RESTSIQS.MainActivity]
22:29:18.575 [pool-1-thread-2] INFO  o.a.p.ModelProcessor:104 - Processing enclosed elements
22:29:18.576 [pool-1-thread-2] INFO  o.a.AndroidAnnotationProcessor:251 - Number of files generated by AndroidAnnotations: 1
22:29:18.579 [pool-1-thread-2] INFO  o.a.g.ApiCodeGenerator:52 - Writting following API classes in project: []
22:29:18.581 [pool-1-thread-2] DEBUG o.a.g.SourceCodewriter:55 - Generating class: com.restsiqs.RESTSIQS.MainActivity_
22:29:18.597 [pool-1-thread-2] INFO  o.a.p.TimeStats:81 - Time measurements: [Whole Processing = 160 ms], [Process Annotations = 54 ms], [Find R Classes = 32 ms], [Extract Manifest = 23 ms], [Generate Sources = 22 ms], [Validate Annotations = 11 ms], [Extract Annotations = 3 ms], 
22:29:18.598 [pool-1-thread-2] INFO  o.a.AndroidAnnotationProcessor:123 - Finish processing
22:30:07.756 [pool-1-thread-2] INFO  o.a.AndroidAnnotationProcessor:85 - Initialize AndroidAnnotations 3.0.1 with options {}
22:30:07.857 [pool-1-thread-2] INFO  o.a.AndroidAnnotationProcessor:109 - Start processing for 1 annotations on 1 elements
22:30:07.866 [pool-1-thread-2] DEBUG o.a.h.AndroidManifestFinder:137 - AndroidManifest.xml file found in parent folder E:\workspace\RESTSIQS\CLIENT\RESTSIQS: E:\workspace\RESTSIQS\CLIENT\RESTSIQS\AndroidManifest.xml
22:30:07.890 [pool-1-thread-2] INFO  o.a.AndroidAnnotationProcessor:172 - AndroidManifest.xml found: AndroidManifest [applicationPackage=com.restsiqs.RESTSIQS, componentQualifiedNames=[com.restsiqs.RESTSIQS.MainActivity_, com.restsiqs.RESTSIQS.SecondActivity_, com.restsiqs.RESTSIQS.Actions.CourseDetailActivity_, com.restsiqs.RESTSIQS.Actions.CourseListActivity_, com.restsiqs.RESTSIQS.Actions.NoticeDetailActivity_, com.restsiqs.RESTSIQS.Actions.NoticeListActivity_, com.restsiqs.RESTSIQS.Actions.LoginActivity_], permissionQualifiedNames=[], applicationClassName=null, libraryProject=false, debugabble=false, minSdkVersion=18, maxSdkVersion=-1, targetSdkVersion=-1]
22:30:07.891 [pool-1-thread-2] INFO  o.a.r.ProjectRClassFinder:50 - Found project R class: com.restsiqs.RESTSIQS.R
22:30:07.898 [pool-1-thread-2] INFO  o.a.r.AndroidRClassFinder:44 - Found Android class: android.R
22:30:07.938 [pool-1-thread-2] INFO  o.a.p.ModelValidator:42 - Validating elements
22:30:07.938 [pool-1-thread-2] DEBUG o.a.p.ModelValidator:62 - Validating with EActivityHandler: [com.restsiqs.RESTSIQS.MainActivity]
22:30:07.958 [pool-1-thread-2] INFO  o.a.p.ModelProcessor:73 - Processing root elements
22:30:07.958 [pool-1-thread-2] DEBUG o.a.p.ModelProcessor:80 - Processing root elements EActivityHandler: [com.restsiqs.RESTSIQS.MainActivity]
22:30:08.0 [pool-1-thread-2] INFO  o.a.p.ModelProcessor:104 - Processing enclosed elements
22:30:08.2 [pool-1-thread-2] INFO  o.a.AndroidAnnotationProcessor:251 - Number of files generated by AndroidAnnotations: 1
22:30:08.6 [pool-1-thread-2] INFO  o.a.g.ApiCodeGenerator:52 - Writting following API classes in project: []
22:30:08.8 [pool-1-thread-2] DEBUG o.a.g.SourceCodewriter:55 - Generating class: com.restsiqs.RESTSIQS.MainActivity_
22:30:08.30 [pool-1-thread-2] INFO  o.a.p.TimeStats:81 - Time measurements: [Whole Processing = 174 ms], [Process Annotations = 55 ms], [Find R Classes = 33 ms], [Generate Sources = 28 ms], [Extract Manifest = 26 ms], [Validate Annotations = 10 ms], [Extract Annotations = 6 ms], 
22:30:08.30 [pool-1-thread-2] INFO  o.a.AndroidAnnotationProcessor:123 - Finish processing
22:30:36.297 [pool-1-thread-2] INFO  o.a.AndroidAnnotationProcessor:85 - Initialize AndroidAnnotations 3.0.1 with options {}
22:30:36.402 [pool-1-thread-2] INFO  o.a.AndroidAnnotationProcessor:109 - Start processing for 1 annotations on 1 elements
22:30:36.410 [pool-1-thread-2] DEBUG o.a.h.AndroidManifestFinder:137 - AndroidManifest.xml file found in parent folder E:\workspace\RESTSIQS\CLIENT\RESTSIQS: E:\workspace\RESTSIQS\CLIENT\RESTSIQS\AndroidManifest.xml
22:30:36.447 [pool-1-thread-2] INFO  o.a.AndroidAnnotationProcessor:172 - AndroidManifest.xml found: AndroidManifest [applicationPackage=com.restsiqs.RESTSIQS, componentQualifiedNames=[com.restsiqs.RESTSIQS.MainActivity_, com.restsiqs.RESTSIQS.SecondActivity_, com.restsiqs.RESTSIQS.Actions.CourseDetailActivity_, com.restsiqs.RESTSIQS.Actions.CourseListActivity_, com.restsiqs.RESTSIQS.Actions.NoticeDetailActivity_, com.restsiqs.RESTSIQS.Actions.NoticeListActivity_, com.restsiqs.RESTSIQS.Actions.LoginActivity_], permissionQualifiedNames=[], applicationClassName=null, libraryProject=false, debugabble=false, minSdkVersion=18, maxSdkVersion=-1, targetSdkVersion=-1]
22:30:36.450 [pool-1-thread-2] INFO  o.a.r.ProjectRClassFinder:50 - Found project R class: com.restsiqs.RESTSIQS.R
22:30:36.461 [pool-1-thread-2] INFO  o.a.r.AndroidRClassFinder:44 - Found Android class: android.R
22:30:36.514 [pool-1-thread-2] INFO  o.a.p.ModelValidator:42 - Validating elements
22:30:36.515 [pool-1-thread-2] DEBUG o.a.p.ModelValidator:62 - Validating with EActivityHandler: [com.restsiqs.RESTSIQS.MainActivity]
22:30:36.534 [pool-1-thread-2] INFO  o.a.p.ModelProcessor:73 - Processing root elements
22:30:36.535 [pool-1-thread-2] DEBUG o.a.p.ModelProcessor:80 - Processing root elements EActivityHandler: [com.restsiqs.RESTSIQS.MainActivity]
22:30:36.583 [pool-1-thread-2] INFO  o.a.p.ModelProcessor:104 - Processing enclosed elements
22:30:36.584 [pool-1-thread-2] INFO  o.a.AndroidAnnotationProcessor:251 - Number of files generated by AndroidAnnotations: 1
22:30:36.587 [pool-1-thread-2] INFO  o.a.g.ApiCodeGenerator:52 - Writting following API classes in project: []
22:30:36.590 [pool-1-thread-2] DEBUG o.a.g.SourceCodewriter:55 - Generating class: com.restsiqs.RESTSIQS.MainActivity_
22:30:36.613 [pool-1-thread-2] INFO  o.a.p.TimeStats:81 - Time measurements: [Whole Processing = 211 ms], [Process Annotations = 63 ms], [Find R Classes = 54 ms], [Extract Manifest = 40 ms], [Generate Sources = 29 ms], [Validate Annotations = 7 ms], [Extract Annotations = 3 ms], 
22:30:36.614 [pool-1-thread-2] INFO  o.a.AndroidAnnotationProcessor:123 - Finish processing
22:31:16.604 [pool-1-thread-2] INFO  o.a.AndroidAnnotationProcessor:85 - Initialize AndroidAnnotations 3.0.1 with options {}
22:31:16.701 [pool-1-thread-2] INFO  o.a.AndroidAnnotationProcessor:109 - Start processing for 1 annotations on 1 elements
22:31:16.710 [pool-1-thread-2] DEBUG o.a.h.AndroidManifestFinder:137 - AndroidManifest.xml file found in parent folder E:\workspace\RESTSIQS\CLIENT\RESTSIQS: E:\workspace\RESTSIQS\CLIENT\RESTSIQS\AndroidManifest.xml
22:31:16.738 [pool-1-thread-2] INFO  o.a.AndroidAnnotationProcessor:172 - AndroidManifest.xml found: AndroidManifest [applicationPackage=com.restsiqs.RESTSIQS, componentQualifiedNames=[com.restsiqs.RESTSIQS.MainActivity_, com.restsiqs.RESTSIQS.SecondActivity_, com.restsiqs.RESTSIQS.Actions.CourseDetailActivity_, com.restsiqs.RESTSIQS.Actions.CourseListActivity_, com.restsiqs.RESTSIQS.Actions.NoticeDetailActivity_, com.restsiqs.RESTSIQS.Actions.NoticeListActivity_, com.restsiqs.RESTSIQS.Actions.LoginActivity_], permissionQualifiedNames=[], applicationClassName=null, libraryProject=false, debugabble=false, minSdkVersion=18, maxSdkVersion=-1, targetSdkVersion=-1]
22:31:16.740 [pool-1-thread-2] INFO  o.a.r.ProjectRClassFinder:50 - Found project R class: com.restsiqs.RESTSIQS.R
22:31:16.747 [pool-1-thread-2] INFO  o.a.r.AndroidRClassFinder:44 - Found Android class: android.R
22:31:16.794 [pool-1-thread-2] INFO  o.a.p.ModelValidator:42 - Validating elements
22:31:16.795 [pool-1-thread-2] DEBUG o.a.p.ModelValidator:62 - Validating with EActivityHandler: [com.restsiqs.RESTSIQS.MainActivity]
22:31:16.817 [pool-1-thread-2] INFO  o.a.p.ModelProcessor:73 - Processing root elements
22:31:16.817 [pool-1-thread-2] DEBUG o.a.p.ModelProcessor:80 - Processing root elements EActivityHandler: [com.restsiqs.RESTSIQS.MainActivity]
22:31:16.849 [pool-1-thread-2] INFO  o.a.p.ModelProcessor:104 - Processing enclosed elements
22:31:16.850 [pool-1-thread-2] INFO  o.a.AndroidAnnotationProcessor:251 - Number of files generated by AndroidAnnotations: 1
22:31:16.852 [pool-1-thread-2] INFO  o.a.g.ApiCodeGenerator:52 - Writting following API classes in project: []
22:31:16.853 [pool-1-thread-2] DEBUG o.a.g.SourceCodewriter:55 - Generating class: com.restsiqs.RESTSIQS.MainActivity_
22:31:16.871 [pool-1-thread-2] INFO  o.a.p.TimeStats:81 - Time measurements: [Whole Processing = 170 ms], [Process Annotations = 45 ms], [Extract Manifest = 31 ms], [Find R Classes = 30 ms], [Generate Sources = 21 ms], [Validate Annotations = 12 ms], [Extract Annotations = 5 ms], 
22:31:16.871 [pool-1-thread-2] INFO  o.a.AndroidAnnotationProcessor:123 - Finish processing
22:31:26.722 [pool-1-thread-2] INFO  o.a.AndroidAnnotationProcessor:85 - Initialize AndroidAnnotations 3.0.1 with options {}
22:31:26.809 [pool-1-thread-2] INFO  o.a.AndroidAnnotationProcessor:109 - Start processing for 1 annotations on 1 elements
22:31:26.815 [pool-1-thread-2] DEBUG o.a.h.AndroidManifestFinder:137 - AndroidManifest.xml file found in parent folder E:\workspace\RESTSIQS\CLIENT\RESTSIQS: E:\workspace\RESTSIQS\CLIENT\RESTSIQS\AndroidManifest.xml
22:31:26.839 [pool-1-thread-2] INFO  o.a.AndroidAnnotationProcessor:172 - AndroidManifest.xml found: AndroidManifest [applicationPackage=com.restsiqs.RESTSIQS, componentQualifiedNames=[com.restsiqs.RESTSIQS.MainActivity_, com.restsiqs.RESTSIQS.SecondActivity_, com.restsiqs.RESTSIQS.Actions.CourseDetailActivity_, com.restsiqs.RESTSIQS.Actions.CourseListActivity_, com.restsiqs.RESTSIQS.Actions.NoticeDetailActivity_, com.restsiqs.RESTSIQS.Actions.NoticeListActivity_, com.restsiqs.RESTSIQS.Actions.LoginActivity_], permissionQualifiedNames=[], applicationClassName=null, libraryProject=false, debugabble=false, minSdkVersion=18, maxSdkVersion=-1, targetSdkVersion=-1]
22:31:26.840 [pool-1-thread-2] INFO  o.a.r.ProjectRClassFinder:50 - Found project R class: com.restsiqs.RESTSIQS.R
22:31:26.846 [pool-1-thread-2] INFO  o.a.r.AndroidRClassFinder:44 - Found Android class: android.R
22:31:26.879 [pool-1-thread-2] INFO  o.a.p.ModelValidator:42 - Validating elements
22:31:26.880 [pool-1-thread-2] DEBUG o.a.p.ModelValidator:62 - Validating with EActivityHandler: [com.restsiqs.RESTSIQS.MainActivity]
22:31:26.898 [pool-1-thread-2] INFO  o.a.p.ModelProcessor:73 - Processing root elements
22:31:26.898 [pool-1-thread-2] DEBUG o.a.p.ModelProcessor:80 - Processing root elements EActivityHandler: [com.restsiqs.RESTSIQS.MainActivity]
22:31:26.930 [pool-1-thread-2] INFO  o.a.p.ModelProcessor:104 - Processing enclosed elements
22:31:26.930 [pool-1-thread-2] INFO  o.a.AndroidAnnotationProcessor:251 - Number of files generated by AndroidAnnotations: 1
22:31:26.932 [pool-1-thread-2] INFO  o.a.g.ApiCodeGenerator:52 - Writting following API classes in project: []
22:31:26.933 [pool-1-thread-2] DEBUG o.a.g.SourceCodewriter:55 - Generating class: com.restsiqs.RESTSIQS.MainActivity_
22:31:26.952 [pool-1-thread-2] INFO  o.a.p.TimeStats:81 - Time measurements: [Whole Processing = 143 ms], [Process Annotations = 44 ms], [Find R Classes = 30 ms], [Extract Manifest = 26 ms], [Generate Sources = 22 ms], [Validate Annotations = 7 ms], [Extract Annotations = 4 ms], 
22:31:26.952 [pool-1-thread-2] INFO  o.a.AndroidAnnotationProcessor:123 - Finish processing
22:32:52.549 [pool-1-thread-2] INFO  o.a.AndroidAnnotationProcessor:85 - Initialize AndroidAnnotations 3.0.1 with options {}
22:32:52.642 [pool-1-thread-2] INFO  o.a.AndroidAnnotationProcessor:109 - Start processing for 1 annotations on 1 elements
22:32:52.650 [pool-1-thread-2] DEBUG o.a.h.AndroidManifestFinder:137 - AndroidManifest.xml file found in parent folder E:\workspace\RESTSIQS\CLIENT\RESTSIQS: E:\workspace\RESTSIQS\CLIENT\RESTSIQS\AndroidManifest.xml
22:32:52.679 [pool-1-thread-2] INFO  o.a.AndroidAnnotationProcessor:172 - AndroidManifest.xml found: AndroidManifest [applicationPackage=com.restsiqs.RESTSIQS, componentQualifiedNames=[com.restsiqs.RESTSIQS.MainActivity_, com.restsiqs.RESTSIQS.SecondActivity_, com.restsiqs.RESTSIQS.Actions.CourseDetailActivity_, com.restsiqs.RESTSIQS.Actions.CourseListActivity_, com.restsiqs.RESTSIQS.Actions.NoticeDetailActivity_, com.restsiqs.RESTSIQS.Actions.NoticeListActivity_, com.restsiqs.RESTSIQS.Actions.LoginActivity_], permissionQualifiedNames=[], applicationClassName=null, libraryProject=false, debugabble=false, minSdkVersion=18, maxSdkVersion=-1, targetSdkVersion=-1]
22:32:52.682 [pool-1-thread-2] INFO  o.a.r.ProjectRClassFinder:50 - Found project R class: com.restsiqs.RESTSIQS.R
22:32:52.687 [pool-1-thread-2] INFO  o.a.r.AndroidRClassFinder:44 - Found Android class: android.R
22:32:52.718 [pool-1-thread-2] INFO  o.a.p.ModelValidator:42 - Validating elements
22:32:52.719 [pool-1-thread-2] DEBUG o.a.p.ModelValidator:62 - Validating with EActivityHandler: [com.restsiqs.RESTSIQS.MainActivity]
22:32:52.740 [pool-1-thread-2] INFO  o.a.p.ModelProcessor:73 - Processing root elements
22:32:52.741 [pool-1-thread-2] DEBUG o.a.p.ModelProcessor:80 - Processing root elements EActivityHandler: [com.restsiqs.RESTSIQS.MainActivity]
22:32:52.777 [pool-1-thread-2] INFO  o.a.p.ModelProcessor:104 - Processing enclosed elements
22:32:52.779 [pool-1-thread-2] INFO  o.a.AndroidAnnotationProcessor:251 - Number of files generated by AndroidAnnotations: 1
22:32:52.781 [pool-1-thread-2] INFO  o.a.g.ApiCodeGenerator:52 - Writting following API classes in project: []
22:32:52.783 [pool-1-thread-2] DEBUG o.a.g.SourceCodewriter:55 - Generating class: com.restsiqs.RESTSIQS.MainActivity_
22:32:52.800 [pool-1-thread-2] INFO  o.a.p.TimeStats:81 - Time measurements: [Whole Processing = 158 ms], [Process Annotations = 52 ms], [Extract Manifest = 31 ms], [Find R Classes = 26 ms], [Generate Sources = 21 ms], [Validate Annotations = 9 ms], [Extract Annotations = 5 ms], 
22:32:52.801 [pool-1-thread-2] INFO  o.a.AndroidAnnotationProcessor:123 - Finish processing
